[2019-10-30T11:29:29+08:00][ info ] [ LANG ] D:\www\CQQ-Service\thinkphp\lang\zh-cn.php
info
[2019-10-30T11:29:54+08:00][ info ] [ LANG ] D:\www\CQQ-Service\thinkphp\lang\zh-cn.php
info
[2019-10-30T11:29:55+08:00][ info ] [ ROUTE ] array (
)
info
[2019-10-30T11:29:55+08:00][ info ] [ HEADER ] array (
)
info
[2019-10-30T11:29:55+08:00][ info ] [ PARAM ] array (
)
info
[2019-10-30T11:29:55+08:00][ info ] [ LANG ] D:\www\CQQ-Service\thinkphp\lang\zh-cn.php
info
[2019-10-30T11:29:55+08:00][ info ] [ ROUTE ] array (
)
info
[2019-10-30T11:29:55+08:00][ info ] [ HEADER ] array (
)
info
[2019-10-30T11:29:55+08:00][ info ] [ PARAM ] array (
)
info
[2019-10-30T11:29:55+08:00][ info ] [ LANG ] D:\www\CQQ-Service\thinkphp\lang\zh-cn.php
info
[2019-10-30T11:29:55+08:00][ info ] [ ROUTE ] array (
)
info
[2019-10-30T11:29:55+08:00][ info ] [ HEADER ] array (
)
info
[2019-10-30T11:29:55+08:00][ info ] [ PARAM ] array (
)
info
[2019-10-30T11:29:55+08:00][ info ] [ LANG ] D:\www\CQQ-Service\thinkphp\lang\zh-cn.php
info
[2019-10-30T11:29:55+08:00][ info ] [ ROUTE ] array (
)
info
[2019-10-30T11:29:55+08:00][ info ] [ HEADER ] array (
)
info
[2019-10-30T11:29:55+08:00][ info ] [ PARAM ] array (
)
info
[2019-10-30T12:15:25+08:00][ info ] [ LANG ] D:\www\CQQ-Service\thinkphp\lang\zh-cn.php
info
[2019-10-30T12:15:25+08:00][ info ] [ ROUTE ] array (
)
info
[2019-10-30T12:15:25+08:00][ info ] [ HEADER ] array (
)
info
[2019-10-30T12:15:25+08:00][ info ] [ PARAM ] array (
)
info
[2019-10-30T12:15:39+08:00][ info ] [ LANG ] D:\www\CQQ-Service\thinkphp\lang\zh-cn.php
info
[2019-10-30T12:15:39+08:00][ info ] [ ROUTE ] array (
)
info
[2019-10-30T12:15:39+08:00][ info ] [ HEADER ] array (
)
info
[2019-10-30T12:15:39+08:00][ info ] [ PARAM ] array (
)
info
[2019-10-30T13:18:29+08:00][ info ] [ LANG ] /www/wwwroot/chat.qjshe.com/thinkphp/lang/zh-cn.php
info
[2019-10-30T13:18:29+08:00][ info ] [ ROUTE ] array (
)
info
[2019-10-30T13:18:29+08:00][ info ] [ HEADER ] array (
)
info
[2019-10-30T13:18:29+08:00][ info ] [ PARAM ] array (
)
info
[2019-10-30T13:32:17+08:00][ info ] [ LANG ] /www/wwwroot/chat.qjshe.com/thinkphp/lang/zh-cn.php
info
[2019-10-30T13:32:17+08:00][ info ] [ ROUTE ] array (
)
info
[2019-10-30T13:32:17+08:00][ info ] [ HEADER ] array (
)
info
[2019-10-30T13:32:17+08:00][ info ] [ PARAM ] array (
)
info
[2019-10-30T13:43:34+08:00][ info ] [ LANG ] /www/wwwroot/chat.qjshe.com/thinkphp/lang/zh-cn.php
info
[2019-10-30T13:43:34+08:00][ info ] [ ROUTE ] array (
)
info
[2019-10-30T13:43:34+08:00][ info ] [ HEADER ] array (
)
info
[2019-10-30T13:43:34+08:00][ info ] [ PARAM ] array (
)
info
[2019-10-30T13:44:10+08:00][ info ] [ LANG ] /www/wwwroot/chat.qjshe.com/thinkphp/lang/zh-cn.php
info
[2019-10-30T13:44:10+08:00][ info ] [ ROUTE ] array (
)
info
[2019-10-30T13:44:10+08:00][ info ] [ HEADER ] array (
)
info
[2019-10-30T13:44:10+08:00][ info ] [ PARAM ] array (
)
info
