[2019-11-04T20:35:17+08:00][ info ] [ LANG ] /www/wwwroot/www.wkchat/thinkphp/lang/zh-cn.php
info
[2019-11-04T20:35:18+08:00][ info ] [ ROUTE ] array (
)
info
[2019-11-04T20:35:18+08:00][ info ] [ HEADER ] array (
)
info
[2019-11-04T20:35:18+08:00][ info ] [ PARAM ] array (
)
info
[2019-11-04T20:35:25+08:00][ info ] [ LANG ] /www/wwwroot/www.wkchat/thinkphp/lang/zh-cn.php
info
[2019-11-04T20:35:25+08:00][ info ] [ ROUTE ] array (
)
info
[2019-11-04T20:35:25+08:00][ info ] [ HEADER ] array (
)
info
[2019-11-04T20:35:25+08:00][ info ] [ PARAM ] array (
)
info
[2019-11-04T20:55:11+08:00][ info ] [ LANG ] /www/wwwroot/www.wkchat/thinkphp/lang/zh-cn.php
info
[2019-11-04T20:55:11+08:00][ info ] [ ROUTE ] array (
)
info
[2019-11-04T20:55:11+08:00][ info ] [ HEADER ] array (
)
info
[2019-11-04T20:55:11+08:00][ info ] [ PARAM ] array (
)
info
[2019-11-04T20:55:11+08:00][ error ] [0]can not save pid to /var/run/workerman.pid[/www/wwwroot/www.wkchat/vendor/workerman/workerman/Worker.php:1221]
error
[2019-11-04T20:55:37+08:00][ info ] [ LANG ] /www/wwwroot/www.wkchat/thinkphp/lang/zh-cn.php
info
[2019-11-04T20:55:37+08:00][ info ] [ ROUTE ] array (
)
info
[2019-11-04T20:55:37+08:00][ info ] [ HEADER ] array (
)
info
[2019-11-04T20:55:37+08:00][ info ] [ PARAM ] array (
)
info
[2019-11-04T21:07:47+08:00][ info ] [ LANG ] /www/wwwroot/www.wkchat/thinkphp/lang/zh-cn.php
info
[2019-11-04T21:07:47+08:00][ info ] [ ROUTE ] array (
)
info
[2019-11-04T21:07:47+08:00][ info ] [ HEADER ] array (
)
info
[2019-11-04T21:07:47+08:00][ info ] [ PARAM ] array (
)
info
[2019-11-04T21:07:54+08:00][ info ] [ LANG ] /www/wwwroot/www.wkchat/thinkphp/lang/zh-cn.php
info
[2019-11-04T21:07:54+08:00][ info ] [ ROUTE ] array (
)
info
[2019-11-04T21:07:54+08:00][ info ] [ HEADER ] array (
)
info
[2019-11-04T21:07:54+08:00][ info ] [ PARAM ] array (
)
info
[2019-11-04T21:08:01+08:00][ info ] [ LANG ] /www/wwwroot/www.wkchat/thinkphp/lang/zh-cn.php
info
[2019-11-04T21:08:01+08:00][ info ] [ ROUTE ] array (
)
info
[2019-11-04T21:08:01+08:00][ info ] [ HEADER ] array (
)
info
[2019-11-04T21:08:01+08:00][ info ] [ PARAM ] array (
)
info
[2019-11-04T21:08:04+08:00][ info ] [ LANG ] /www/wwwroot/www.wkchat/thinkphp/lang/zh-cn.php
info
[2019-11-04T21:08:04+08:00][ info ] [ ROUTE ] array (
)
info
[2019-11-04T21:08:04+08:00][ info ] [ HEADER ] array (
)
info
[2019-11-04T21:08:04+08:00][ info ] [ PARAM ] array (
)
info
[2019-11-04T21:17:45+08:00][ info ] [ LANG ] /www/wwwroot/www.wkchat/thinkphp/lang/zh-cn.php
info
[2019-11-04T21:17:46+08:00][ info ] [ ROUTE ] array (
)
info
[2019-11-04T21:17:46+08:00][ info ] [ HEADER ] array (
)
info
[2019-11-04T21:17:46+08:00][ info ] [ PARAM ] array (
)
info
[2019-11-04T21:17:48+08:00][ info ] [ LANG ] /www/wwwroot/www.wkchat/thinkphp/lang/zh-cn.php
info
[2019-11-04T21:17:48+08:00][ info ] [ ROUTE ] array (
)
info
[2019-11-04T21:17:48+08:00][ info ] [ HEADER ] array (
)
info
[2019-11-04T21:17:48+08:00][ info ] [ PARAM ] array (
)
info
[2019-11-04T21:27:29+08:00][ info ] [ LANG ] /www/wwwroot/www.wkchat/thinkphp/lang/zh-cn.php
info
[2019-11-04T21:27:29+08:00][ info ] [ ROUTE ] array (
)
info
[2019-11-04T21:27:29+08:00][ info ] [ HEADER ] array (
)
info
[2019-11-04T21:27:29+08:00][ info ] [ PARAM ] array (
)
info
[2019-11-04T21:27:29+08:00][ error ] [0]can not save pid to /var/run/workerman.pid[/www/wwwroot/www.wkchat/vendor/workerman/workerman/Worker.php:1221]
error
[2019-11-04T21:28:44+08:00][ info ] [ LANG ] /www/wwwroot/www.wkchat/thinkphp/lang/zh-cn.php
info
[2019-11-04T21:28:44+08:00][ info ] [ ROUTE ] array (
)
info
[2019-11-04T21:28:44+08:00][ info ] [ HEADER ] array (
)
info
[2019-11-04T21:28:44+08:00][ info ] [ PARAM ] array (
)
info
[2019-11-04T21:28:49+08:00][ info ] [ LANG ] /www/wwwroot/www.wkchat/thinkphp/lang/zh-cn.php
info
[2019-11-04T21:28:49+08:00][ info ] [ ROUTE ] array (
)
info
[2019-11-04T21:28:49+08:00][ info ] [ HEADER ] array (
)
info
[2019-11-04T21:28:49+08:00][ info ] [ PARAM ] array (
)
info
[2019-11-04T21:28:51+08:00][ info ] [ LANG ] /www/wwwroot/www.wkchat/thinkphp/lang/zh-cn.php
info
[2019-11-04T21:28:51+08:00][ info ] [ ROUTE ] array (
)
info
[2019-11-04T21:28:51+08:00][ info ] [ HEADER ] array (
)
info
[2019-11-04T21:28:51+08:00][ info ] [ PARAM ] array (
)
info
[2019-11-04T21:28:51+08:00][ error ] [0]can not open stdoutFile /dev/null[/www/wwwroot/www.wkchat/vendor/workerman/workerman/Worker.php:1204]
error
[2019-11-04T21:28:51+08:00][ error ] [0]can not open stdoutFile /dev/null[/www/wwwroot/www.wkchat/vendor/workerman/workerman/Worker.php:1204]
error
[2019-11-04T21:28:51+08:00][ error ] [0]can not open stdoutFile /dev/null[/www/wwwroot/www.wkchat/vendor/workerman/workerman/Worker.php:1204]
error
[2019-11-04T21:28:51+08:00][ error ] [0]can not open stdoutFile /dev/null[/www/wwwroot/www.wkchat/vendor/workerman/workerman/Worker.php:1204]
error
[2019-11-04T21:28:51+08:00][ error ] [0]can not open stdoutFile /dev/null[/www/wwwroot/www.wkchat/vendor/workerman/workerman/Worker.php:1204]
error
[2019-11-04T21:28:51+08:00][ error ] [0]can not open stdoutFile /dev/null[/www/wwwroot/www.wkchat/vendor/workerman/workerman/Worker.php:1204]
error
[2019-11-04T21:28:51+08:00][ error ] [0]can not open stdoutFile /dev/null[/www/wwwroot/www.wkchat/vendor/workerman/workerman/Worker.php:1204]
error
[2019-11-04T21:28:51+08:00][ error ] [0]can not open stdoutFile /dev/null[/www/wwwroot/www.wkchat/vendor/workerman/workerman/Worker.php:1204]
error
[2019-11-04T21:30:12+08:00][ info ] [ LANG ] /www/wwwroot/www.wkchat/thinkphp/lang/zh-cn.php
info
[2019-11-04T21:30:12+08:00][ info ] [ ROUTE ] array (
)
info
[2019-11-04T21:30:12+08:00][ info ] [ HEADER ] array (
)
info
[2019-11-04T21:30:12+08:00][ info ] [ PARAM ] array (
)
info
[2019-11-04T21:30:14+08:00][ info ] [ LANG ] /www/wwwroot/www.wkchat/thinkphp/lang/zh-cn.php
info
[2019-11-04T21:30:14+08:00][ info ] [ ROUTE ] array (
)
info
[2019-11-04T21:30:14+08:00][ info ] [ HEADER ] array (
)
info
[2019-11-04T21:30:14+08:00][ info ] [ PARAM ] array (
)
info
[2019-11-04T21:34:09+08:00][ info ] [ LANG ] /www/wwwroot/www.wkchat/thinkphp/lang/zh-cn.php
info
[2019-11-04T21:34:09+08:00][ info ] [ ROUTE ] array (
)
info
[2019-11-04T21:34:09+08:00][ info ] [ HEADER ] array (
)
info
[2019-11-04T21:34:09+08:00][ info ] [ PARAM ] array (
)
info
[2019-11-04T21:34:11+08:00][ info ] [ LANG ] /www/wwwroot/www.wkchat/thinkphp/lang/zh-cn.php
info
[2019-11-04T21:34:11+08:00][ info ] [ ROUTE ] array (
)
info
[2019-11-04T21:34:11+08:00][ info ] [ HEADER ] array (
)
info
[2019-11-04T21:34:11+08:00][ info ] [ PARAM ] array (
)
info
[2019-11-04T21:34:41+08:00][ info ] [ LANG ] /www/wwwroot/www.wkchat/thinkphp/lang/zh-cn.php
info
[2019-11-04T21:34:41+08:00][ info ] [ ROUTE ] array (
)
info
[2019-11-04T21:34:41+08:00][ info ] [ HEADER ] array (
)
info
[2019-11-04T21:34:41+08:00][ info ] [ PARAM ] array (
)
info
