---------------------------------------------------------------

[2019-11-05T20:28:55+08:00] 192.168.78.1 POST www.cqqchat.com/customer/sendMsg
[运行时间：0.357769s] [吞吐率：2.80req/s] [内存消耗：1,643.24kb] [文件加载：60]
[ info ] [ LANG ] /www/wwwroot/www.wkchat/thinkphp/lang/zh-cn.php
[ info ] [ ROUTE ] array (
  'rule' => 'customer/sendMsg',
  'route' => '@customer/Message/send',
  'option' => 
  array (
    'merge_rule_regex' => true,
  ),
  'var' => 
  array (
  ),
)
[ info ] [ HEADER ] array (
  'cookie' => 'thinkphp_show_page_trace=0|0; PHPSESSID=37ptaaro2i5cbdg95ba5j012im',
  'accept-language' => 'zh-CN,zh;q=0.9,en;q=0.8',
  'accept-encoding' => 'gzip, deflate',
  'referer' => 'http://www.cqqchat.com/',
  'content-type' => 'application/x-www-form-urlencoded; charset=UTF-8',
  'dnt' => '1',
  'user-agent' => 'Mozilla/5.0 (Windows NT 10.0; Win64; x64) AppleWebKit/537.36 (KHTML, like Gecko) Chrome/75.0.3770.100 Safari/537.36',
  'x-requested-with' => 'XMLHttpRequest',
  'origin' => 'http://www.cqqchat.com',
  'accept' => 'application/json, text/javascript, */*; q=0.01',
  'content-length' => '66',
  'connection' => 'keep-alive',
  'host' => 'www.cqqchat.com',
)
[ info ] [ PARAM ] array (
  'nickname' => '小兔理查德',
  'content' => 'sdf',
)
---------------------------------------------------------------

[2019-11-05T20:29:06+08:00] 192.168.78.1 POST www.cqqchat.com/customer/sendMsg
[运行时间：0.242437s] [吞吐率：4.12req/s] [内存消耗：1,643.30kb] [文件加载：60]
[ info ] [ LANG ] /www/wwwroot/www.wkchat/thinkphp/lang/zh-cn.php
[ info ] [ ROUTE ] array (
  'rule' => 'customer/sendMsg',
  'route' => '@customer/Message/send',
  'option' => 
  array (
    'merge_rule_regex' => true,
  ),
  'var' => 
  array (
  ),
)
[ info ] [ HEADER ] array (
  'cookie' => 'thinkphp_show_page_trace=0|0; PHPSESSID=89vd40qts0okus9dbbk51lkee6',
  'accept-language' => 'zh-CN,zh;q=0.9,en;q=0.8',
  'accept-encoding' => 'gzip, deflate',
  'referer' => 'http://www.cqqchat.com/',
  'content-type' => 'application/x-www-form-urlencoded; charset=UTF-8',
  'dnt' => '1',
  'user-agent' => 'Mozilla/5.0 (Windows NT 10.0; Win64; x64) AppleWebKit/537.36 (KHTML, like Gecko) Chrome/75.0.3770.100 Safari/537.36',
  'x-requested-with' => 'XMLHttpRequest',
  'origin' => 'http://www.cqqchat.com',
  'accept' => 'application/json, text/javascript, */*; q=0.01',
  'content-length' => '99',
  'connection' => 'keep-alive',
  'host' => 'www.cqqchat.com',
)
[ info ] [ PARAM ] array (
  'nickname' => '小羊苏西',
  'content' => '是发送到发',
)
---------------------------------------------------------------

[2019-11-05T20:29:11+08:00] 192.168.78.1 GET www.cqqchat.com/
[运行时间：0.343642s] [吞吐率：2.91req/s] [内存消耗：1,654.41kb] [文件加载：65]
[ info ] [ LANG ] /www/wwwroot/www.wkchat/thinkphp/lang/zh-cn.php
[ info ] [ ROUTE ] array (
)
[ info ] [ HEADER ] array (
  'cookie' => 'thinkphp_show_page_trace=0|0; PHPSESSID=37ptaaro2i5cbdg95ba5j012im',
  'accept-language' => 'zh-CN,zh;q=0.9,en;q=0.8',
  'accept-encoding' => 'gzip, deflate',
  'accept' => 'text/html,application/xhtml+xml,application/xml;q=0.9,image/webp,image/apng,*/*;q=0.8,application/signed-exchange;v=b3',
  'dnt' => '1',
  'user-agent' => 'Mozilla/5.0 (Windows NT 10.0; Win64; x64) AppleWebKit/537.36 (KHTML, like Gecko) Chrome/75.0.3770.100 Safari/537.36',
  'upgrade-insecure-requests' => '1',
  'cache-control' => 'max-age=0',
  'connection' => 'keep-alive',
  'host' => 'www.cqqchat.com',
  'content-type' => '',
  'content-length' => '',
)
[ info ] [ PARAM ] array (
)
[ info ] [ VIEW ] /www/wwwroot/www.wkchat/application/index/view/index/index.html [ array (
) ]
---------------------------------------------------------------

[2019-11-05T20:29:11+08:00] 192.168.78.1 POST www.cqqchat.com/customer/login
[运行时间：0.348942s] [吞吐率：2.87req/s] [内存消耗：1,636.38kb] [文件加载：66]
[ info ] [ LANG ] /www/wwwroot/www.wkchat/thinkphp/lang/zh-cn.php
[ info ] [ ROUTE ] array (
)
[ info ] [ HEADER ] array (
  'cookie' => 'thinkphp_show_page_trace=0|0; PHPSESSID=37ptaaro2i5cbdg95ba5j012im',
  'accept-language' => 'zh-CN,zh;q=0.9,en;q=0.8',
  'accept-encoding' => 'gzip, deflate',
  'referer' => 'http://www.cqqchat.com/',
  'content-type' => 'application/x-www-form-urlencoded; charset=UTF-8',
  'dnt' => '1',
  'user-agent' => 'Mozilla/5.0 (Windows NT 10.0; Win64; x64) AppleWebKit/537.36 (KHTML, like Gecko) Chrome/75.0.3770.100 Safari/537.36',
  'x-requested-with' => 'XMLHttpRequest',
  'origin' => 'http://www.cqqchat.com',
  'accept' => 'application/json, text/javascript, */*; q=0.01',
  'content-length' => '30',
  'connection' => 'keep-alive',
  'host' => 'www.cqqchat.com',
)
[ info ] [ PARAM ] array (
  'client_id' => '7f00000108fe00000001',
)
---------------------------------------------------------------

[2019-11-05T20:29:11+08:00] 192.168.78.1 POST www.cqqchat.com/customer/login
[运行时间：0.366317s] [吞吐率：2.73req/s] [内存消耗：1,636.38kb] [文件加载：66]
[ info ] [ LANG ] /www/wwwroot/www.wkchat/thinkphp/lang/zh-cn.php
[ info ] [ ROUTE ] array (
)
[ info ] [ HEADER ] array (
  'cookie' => 'thinkphp_show_page_trace=0|0; PHPSESSID=37ptaaro2i5cbdg95ba5j012im',
  'accept-language' => 'zh-CN,zh;q=0.9,en;q=0.8',
  'accept-encoding' => 'gzip, deflate',
  'referer' => 'http://www.cqqchat.com/',
  'content-type' => 'application/x-www-form-urlencoded; charset=UTF-8',
  'dnt' => '1',
  'user-agent' => 'Mozilla/5.0 (Windows NT 10.0; Win64; x64) AppleWebKit/537.36 (KHTML, like Gecko) Chrome/75.0.3770.100 Safari/537.36',
  'x-requested-with' => 'XMLHttpRequest',
  'origin' => 'http://www.cqqchat.com',
  'accept' => 'application/json, text/javascript, */*; q=0.01',
  'content-length' => '30',
  'connection' => 'keep-alive',
  'host' => 'www.cqqchat.com',
)
[ info ] [ PARAM ] array (
  'client_id' => '7f00000108fe00000001',
)
---------------------------------------------------------------

[2019-11-05T20:29:13+08:00] 192.168.78.1 GET www.cqqchat.com/
[运行时间：0.272240s] [吞吐率：3.67req/s] [内存消耗：1,654.41kb] [文件加载：65]
[ info ] [ LANG ] /www/wwwroot/www.wkchat/thinkphp/lang/zh-cn.php
[ info ] [ ROUTE ] array (
)
[ info ] [ HEADER ] array (
  'cookie' => 'thinkphp_show_page_trace=0|0; PHPSESSID=89vd40qts0okus9dbbk51lkee6',
  'accept-language' => 'zh-CN,zh;q=0.9,en;q=0.8',
  'accept-encoding' => 'gzip, deflate',
  'accept' => 'text/html,application/xhtml+xml,application/xml;q=0.9,image/webp,image/apng,*/*;q=0.8,application/signed-exchange;v=b3',
  'dnt' => '1',
  'user-agent' => 'Mozilla/5.0 (Windows NT 10.0; Win64; x64) AppleWebKit/537.36 (KHTML, like Gecko) Chrome/75.0.3770.100 Safari/537.36',
  'upgrade-insecure-requests' => '1',
  'cache-control' => 'max-age=0',
  'connection' => 'keep-alive',
  'host' => 'www.cqqchat.com',
  'content-type' => '',
  'content-length' => '',
)
[ info ] [ PARAM ] array (
)
[ info ] [ VIEW ] /www/wwwroot/www.wkchat/application/index/view/index/index.html [ array (
) ]
---------------------------------------------------------------

[2019-11-05T20:29:14+08:00] 192.168.78.1 POST www.cqqchat.com/customer/login
[运行时间：0.376436s] [吞吐率：2.66req/s] [内存消耗：1,636.38kb] [文件加载：66]
[ info ] [ LANG ] /www/wwwroot/www.wkchat/thinkphp/lang/zh-cn.php
[ info ] [ ROUTE ] array (
)
[ info ] [ HEADER ] array (
  'cookie' => 'thinkphp_show_page_trace=0|0; PHPSESSID=89vd40qts0okus9dbbk51lkee6',
  'accept-language' => 'zh-CN,zh;q=0.9,en;q=0.8',
  'accept-encoding' => 'gzip, deflate',
  'referer' => 'http://www.cqqchat.com/',
  'content-type' => 'application/x-www-form-urlencoded; charset=UTF-8',
  'dnt' => '1',
  'user-agent' => 'Mozilla/5.0 (Windows NT 10.0; Win64; x64) AppleWebKit/537.36 (KHTML, like Gecko) Chrome/75.0.3770.100 Safari/537.36',
  'x-requested-with' => 'XMLHttpRequest',
  'origin' => 'http://www.cqqchat.com',
  'accept' => 'application/json, text/javascript, */*; q=0.01',
  'content-length' => '30',
  'connection' => 'keep-alive',
  'host' => 'www.cqqchat.com',
)
[ info ] [ PARAM ] array (
  'client_id' => '7f00000108fd00000003',
)
---------------------------------------------------------------

[2019-11-05T20:29:14+08:00] 192.168.78.1 POST www.cqqchat.com/customer/login
[运行时间：0.380328s] [吞吐率：2.63req/s] [内存消耗：1,636.38kb] [文件加载：66]
[ info ] [ LANG ] /www/wwwroot/www.wkchat/thinkphp/lang/zh-cn.php
[ info ] [ ROUTE ] array (
)
[ info ] [ HEADER ] array (
  'cookie' => 'thinkphp_show_page_trace=0|0; PHPSESSID=89vd40qts0okus9dbbk51lkee6',
  'accept-language' => 'zh-CN,zh;q=0.9,en;q=0.8',
  'accept-encoding' => 'gzip, deflate',
  'referer' => 'http://www.cqqchat.com/',
  'content-type' => 'application/x-www-form-urlencoded; charset=UTF-8',
  'dnt' => '1',
  'user-agent' => 'Mozilla/5.0 (Windows NT 10.0; Win64; x64) AppleWebKit/537.36 (KHTML, like Gecko) Chrome/75.0.3770.100 Safari/537.36',
  'x-requested-with' => 'XMLHttpRequest',
  'origin' => 'http://www.cqqchat.com',
  'accept' => 'application/json, text/javascript, */*; q=0.01',
  'content-length' => '30',
  'connection' => 'keep-alive',
  'host' => 'www.cqqchat.com',
)
[ info ] [ PARAM ] array (
  'client_id' => '7f00000108fd00000003',
)
---------------------------------------------------------------

[2019-11-05T20:29:17+08:00] 192.168.78.1 POST www.cqqchat.com/customer/sendMsg
[运行时间：0.219409s] [吞吐率：4.56req/s] [内存消耗：1,643.34kb] [文件加载：60]
[ info ] [ LANG ] /www/wwwroot/www.wkchat/thinkphp/lang/zh-cn.php
[ info ] [ ROUTE ] array (
  'rule' => 'customer/sendMsg',
  'route' => '@customer/Message/send',
  'option' => 
  array (
    'merge_rule_regex' => true,
  ),
  'var' => 
  array (
  ),
)
[ info ] [ HEADER ] array (
  'cookie' => 'thinkphp_show_page_trace=0|0; PHPSESSID=89vd40qts0okus9dbbk51lkee6',
  'accept-language' => 'zh-CN,zh;q=0.9,en;q=0.8',
  'accept-encoding' => 'gzip, deflate',
  'referer' => 'http://www.cqqchat.com/',
  'content-type' => 'application/x-www-form-urlencoded; charset=UTF-8',
  'dnt' => '1',
  'user-agent' => 'Mozilla/5.0 (Windows NT 10.0; Win64; x64) AppleWebKit/537.36 (KHTML, like Gecko) Chrome/75.0.3770.100 Safari/537.36',
  'x-requested-with' => 'XMLHttpRequest',
  'origin' => 'http://www.cqqchat.com',
  'accept' => 'application/json, text/javascript, */*; q=0.01',
  'content-length' => '108',
  'connection' => 'keep-alive',
  'host' => 'www.cqqchat.com',
)
[ info ] [ PARAM ] array (
  'nickname' => '小狗丹尼',
  'content' => '撒打发斯蒂芬',
)
---------------------------------------------------------------

[2019-11-05T20:29:22+08:00] 192.168.78.1 POST www.cqqchat.com/customer/sendMsg
[运行时间：0.206091s] [吞吐率：4.85req/s] [内存消耗：1,643.34kb] [文件加载：60]
[ info ] [ LANG ] /www/wwwroot/www.wkchat/thinkphp/lang/zh-cn.php
[ info ] [ ROUTE ] array (
  'rule' => 'customer/sendMsg',
  'route' => '@customer/Message/send',
  'option' => 
  array (
    'merge_rule_regex' => true,
  ),
  'var' => 
  array (
  ),
)
[ info ] [ HEADER ] array (
  'cookie' => 'thinkphp_show_page_trace=0|0; PHPSESSID=37ptaaro2i5cbdg95ba5j012im',
  'accept-language' => 'zh-CN,zh;q=0.9,en;q=0.8',
  'accept-encoding' => 'gzip, deflate',
  'referer' => 'http://www.cqqchat.com/',
  'content-type' => 'application/x-www-form-urlencoded; charset=UTF-8',
  'dnt' => '1',
  'user-agent' => 'Mozilla/5.0 (Windows NT 10.0; Win64; x64) AppleWebKit/537.36 (KHTML, like Gecko) Chrome/75.0.3770.100 Safari/537.36',
  'x-requested-with' => 'XMLHttpRequest',
  'origin' => 'http://www.cqqchat.com',
  'accept' => 'application/json, text/javascript, */*; q=0.01',
  'content-length' => '108',
  'connection' => 'keep-alive',
  'host' => 'www.cqqchat.com',
)
[ info ] [ PARAM ] array (
  'nickname' => '小兔理查德',
  'content' => '是的范德萨',
)
---------------------------------------------------------------

[2019-11-05T20:29:29+08:00] 192.168.78.1 POST www.cqqchat.com/customer/sendMsg
[运行时间：0.221536s] [吞吐率：4.51req/s] [内存消耗：1,643.41kb] [文件加载：60]
[ info ] [ LANG ] /www/wwwroot/www.wkchat/thinkphp/lang/zh-cn.php
[ info ] [ ROUTE ] array (
  'rule' => 'customer/sendMsg',
  'route' => '@customer/Message/send',
  'option' => 
  array (
    'merge_rule_regex' => true,
  ),
  'var' => 
  array (
  ),
)
[ info ] [ HEADER ] array (
  'cookie' => 'thinkphp_show_page_trace=0|0; PHPSESSID=89vd40qts0okus9dbbk51lkee6',
  'accept-language' => 'zh-CN,zh;q=0.9,en;q=0.8',
  'accept-encoding' => 'gzip, deflate',
  'referer' => 'http://www.cqqchat.com/',
  'content-type' => 'application/x-www-form-urlencoded; charset=UTF-8',
  'dnt' => '1',
  'user-agent' => 'Mozilla/5.0 (Windows NT 10.0; Win64; x64) AppleWebKit/537.36 (KHTML, like Gecko) Chrome/75.0.3770.100 Safari/537.36',
  'x-requested-with' => 'XMLHttpRequest',
  'origin' => 'http://www.cqqchat.com',
  'accept' => 'application/json, text/javascript, */*; q=0.01',
  'content-length' => '144',
  'connection' => 'keep-alive',
  'host' => 'www.cqqchat.com',
)
[ info ] [ PARAM ] array (
  'nickname' => '小狗丹尼',
  'content' => '撒呃呃呃呃呃呃呃呃呃',
)
---------------------------------------------------------------

[2019-11-05T20:29:34+08:00] 192.168.78.1 POST www.cqqchat.com/customer/sendMsg
[运行时间：0.219731s] [吞吐率：4.55req/s] [内存消耗：1,643.47kb] [文件加载：60]
[ info ] [ LANG ] /www/wwwroot/www.wkchat/thinkphp/lang/zh-cn.php
[ info ] [ ROUTE ] array (
  'rule' => 'customer/sendMsg',
  'route' => '@customer/Message/send',
  'option' => 
  array (
    'merge_rule_regex' => true,
  ),
  'var' => 
  array (
  ),
)
[ info ] [ HEADER ] array (
  'cookie' => 'thinkphp_show_page_trace=0|0; PHPSESSID=37ptaaro2i5cbdg95ba5j012im',
  'accept-language' => 'zh-CN,zh;q=0.9,en;q=0.8',
  'accept-encoding' => 'gzip, deflate',
  'referer' => 'http://www.cqqchat.com/',
  'content-type' => 'application/x-www-form-urlencoded; charset=UTF-8',
  'dnt' => '1',
  'user-agent' => 'Mozilla/5.0 (Windows NT 10.0; Win64; x64) AppleWebKit/537.36 (KHTML, like Gecko) Chrome/75.0.3770.100 Safari/537.36',
  'x-requested-with' => 'XMLHttpRequest',
  'origin' => 'http://www.cqqchat.com',
  'accept' => 'application/json, text/javascript, */*; q=0.01',
  'content-length' => '171',
  'connection' => 'keep-alive',
  'host' => 'www.cqqchat.com',
)
[ info ] [ PARAM ] array (
  'nickname' => '小兔理查德',
  'content' => '柔柔弱弱若若若若若若若若',
)
---------------------------------------------------------------

[2019-11-05T21:36:56+08:00] 192.168.78.1 GET www.cqqchat.com/api/v1/pushMsg
[运行时间：0.646839s] [吞吐率：1.55req/s] [内存消耗：1,663.23kb] [文件加载：66]
[ info ] [ LANG ] /www/wwwroot/www.wkchat/thinkphp/lang/zh-cn.php
[ info ] [ ROUTE ] array (
)
[ info ] [ HEADER ] array (
  'cookie' => 'thinkphp_show_page_trace=0|0; PHPSESSID=37ptaaro2i5cbdg95ba5j012im',
  'accept-language' => 'zh-CN,zh;q=0.9,en;q=0.8',
  'accept-encoding' => 'gzip, deflate',
  'accept' => 'text/html,application/xhtml+xml,application/xml;q=0.9,image/webp,image/apng,*/*;q=0.8,application/signed-exchange;v=b3',
  'dnt' => '1',
  'user-agent' => 'Mozilla/5.0 (Windows NT 10.0; Win64; x64) AppleWebKit/537.36 (KHTML, like Gecko) Chrome/75.0.3770.100 Safari/537.36',
  'upgrade-insecure-requests' => '1',
  'connection' => 'keep-alive',
  'host' => 'www.cqqchat.com',
  'content-type' => '',
  'content-length' => '',
)
[ info ] [ PARAM ] array (
)
---------------------------------------------------------------

[2019-11-05T21:37:39+08:00] 192.168.78.1 GET www.cqqchat.com/api/v1/pushWebMsg
[运行时间：0.213084s] [吞吐率：4.69req/s] [内存消耗：1,483.72kb] [文件加载：59]
[ info ] [ LANG ] /www/wwwroot/www.wkchat/thinkphp/lang/zh-cn.php
[ info ] [ ROUTE ] array (
  'rule' => 'api/v1/pushWebMsg',
  'route' => '@api/v1/Push/webMsg',
  'option' => 
  array (
    'merge_rule_regex' => true,
  ),
  'var' => 
  array (
  ),
)
[ info ] [ HEADER ] array (
  'cookie' => 'thinkphp_show_page_trace=0|0; PHPSESSID=37ptaaro2i5cbdg95ba5j012im',
  'accept-language' => 'zh-CN,zh;q=0.9,en;q=0.8',
  'accept-encoding' => 'gzip, deflate',
  'accept' => 'text/html,application/xhtml+xml,application/xml;q=0.9,image/webp,image/apng,*/*;q=0.8,application/signed-exchange;v=b3',
  'dnt' => '1',
  'user-agent' => 'Mozilla/5.0 (Windows NT 10.0; Win64; x64) AppleWebKit/537.36 (KHTML, like Gecko) Chrome/75.0.3770.100 Safari/537.36',
  'upgrade-insecure-requests' => '1',
  'connection' => 'keep-alive',
  'host' => 'www.cqqchat.com',
  'content-type' => '',
  'content-length' => '',
)
[ info ] [ PARAM ] array (
)
---------------------------------------------------------------

[2019-11-05T23:15:19+08:00] 192.168.78.1 GET www.cqqchat.com/api/v1/goods/listAll
[运行时间：1.044277s] [吞吐率：0.96req/s] [内存消耗：1,663.24kb] [文件加载：66]
[ info ] [ LANG ] /www/wwwroot/www.wkchat/thinkphp/lang/zh-cn.php
[ info ] [ ROUTE ] array (
)
[ info ] [ HEADER ] array (
  'cookie' => 'thinkphp_show_page_trace=0|0; PHPSESSID=37ptaaro2i5cbdg95ba5j012im',
  'accept-language' => 'zh-CN,zh;q=0.9,en;q=0.8',
  'accept-encoding' => 'gzip, deflate',
  'accept' => 'text/html,application/xhtml+xml,application/xml;q=0.9,image/webp,image/apng,*/*;q=0.8,application/signed-exchange;v=b3',
  'dnt' => '1',
  'user-agent' => 'Mozilla/5.0 (Windows NT 10.0; Win64; x64) AppleWebKit/537.36 (KHTML, like Gecko) Chrome/75.0.3770.100 Safari/537.36',
  'upgrade-insecure-requests' => '1',
  'connection' => 'keep-alive',
  'host' => 'www.cqqchat.com',
  'content-type' => '',
  'content-length' => '',
)
[ info ] [ PARAM ] array (
)
---------------------------------------------------------------

[2019-11-05T23:15:31+08:00] 192.168.78.1 GET www.cqqchat.com/api/v1/Goods/listAll
[运行时间：0.375031s] [吞吐率：2.67req/s] [内存消耗：1,663.24kb] [文件加载：66]
[ info ] [ LANG ] /www/wwwroot/www.wkchat/thinkphp/lang/zh-cn.php
[ info ] [ ROUTE ] array (
)
[ info ] [ HEADER ] array (
  'cookie' => 'thinkphp_show_page_trace=0|0; PHPSESSID=37ptaaro2i5cbdg95ba5j012im',
  'accept-language' => 'zh-CN,zh;q=0.9,en;q=0.8',
  'accept-encoding' => 'gzip, deflate',
  'accept' => 'text/html,application/xhtml+xml,application/xml;q=0.9,image/webp,image/apng,*/*;q=0.8,application/signed-exchange;v=b3',
  'dnt' => '1',
  'user-agent' => 'Mozilla/5.0 (Windows NT 10.0; Win64; x64) AppleWebKit/537.36 (KHTML, like Gecko) Chrome/75.0.3770.100 Safari/537.36',
  'upgrade-insecure-requests' => '1',
  'connection' => 'keep-alive',
  'host' => 'www.cqqchat.com',
  'content-type' => '',
  'content-length' => '',
)
[ info ] [ PARAM ] array (
)
---------------------------------------------------------------

[2019-11-05T23:15:44+08:00] 192.168.78.1 GET www.cqqchat.com/api/v1/Goods/listAll
[运行时间：0.289267s] [吞吐率：3.46req/s] [内存消耗：1,663.28kb] [文件加载：66]
[ info ] [ LANG ] /www/wwwroot/www.wkchat/thinkphp/lang/zh-cn.php
[ info ] [ ROUTE ] array (
)
[ info ] [ HEADER ] array (
  'cookie' => 'thinkphp_show_page_trace=0|0; PHPSESSID=37ptaaro2i5cbdg95ba5j012im',
  'accept-language' => 'zh-CN,zh;q=0.9,en;q=0.8',
  'accept-encoding' => 'gzip, deflate',
  'accept' => 'text/html,application/xhtml+xml,application/xml;q=0.9,image/webp,image/apng,*/*;q=0.8,application/signed-exchange;v=b3',
  'dnt' => '1',
  'user-agent' => 'Mozilla/5.0 (Windows NT 10.0; Win64; x64) AppleWebKit/537.36 (KHTML, like Gecko) Chrome/75.0.3770.100 Safari/537.36',
  'upgrade-insecure-requests' => '1',
  'cache-control' => 'max-age=0',
  'connection' => 'keep-alive',
  'host' => 'www.cqqchat.com',
  'content-type' => '',
  'content-length' => '',
)
[ info ] [ PARAM ] array (
)
---------------------------------------------------------------

[2019-11-05T23:16:10+08:00] 192.168.78.1 GET www.cqqchat.com/api/v1/Goods/listAll
[运行时间：0.271703s] [吞吐率：3.68req/s] [内存消耗：1,663.28kb] [文件加载：66]
[ info ] [ LANG ] /www/wwwroot/www.wkchat/thinkphp/lang/zh-cn.php
[ info ] [ ROUTE ] array (
)
[ info ] [ HEADER ] array (
  'cookie' => 'thinkphp_show_page_trace=0|0; PHPSESSID=37ptaaro2i5cbdg95ba5j012im',
  'accept-language' => 'zh-CN,zh;q=0.9,en;q=0.8',
  'accept-encoding' => 'gzip, deflate',
  'accept' => 'text/html,application/xhtml+xml,application/xml;q=0.9,image/webp,image/apng,*/*;q=0.8,application/signed-exchange;v=b3',
  'dnt' => '1',
  'user-agent' => 'Mozilla/5.0 (Windows NT 10.0; Win64; x64) AppleWebKit/537.36 (KHTML, like Gecko) Chrome/75.0.3770.100 Safari/537.36',
  'upgrade-insecure-requests' => '1',
  'cache-control' => 'max-age=0',
  'connection' => 'keep-alive',
  'host' => 'www.cqqchat.com',
  'content-type' => '',
  'content-length' => '',
)
[ info ] [ PARAM ] array (
)
---------------------------------------------------------------

[2019-11-05T23:16:13+08:00] 192.168.78.1 GET www.cqqchat.com/api/v1/Goods/listAll
[运行时间：0.299623s] [吞吐率：3.34req/s] [内存消耗：1,663.28kb] [文件加载：66]
[ info ] [ LANG ] /www/wwwroot/www.wkchat/thinkphp/lang/zh-cn.php
[ info ] [ ROUTE ] array (
)
[ info ] [ HEADER ] array (
  'cookie' => 'thinkphp_show_page_trace=0|0; PHPSESSID=37ptaaro2i5cbdg95ba5j012im',
  'accept-language' => 'zh-CN,zh;q=0.9,en;q=0.8',
  'accept-encoding' => 'gzip, deflate',
  'accept' => 'text/html,application/xhtml+xml,application/xml;q=0.9,image/webp,image/apng,*/*;q=0.8,application/signed-exchange;v=b3',
  'dnt' => '1',
  'user-agent' => 'Mozilla/5.0 (Windows NT 10.0; Win64; x64) AppleWebKit/537.36 (KHTML, like Gecko) Chrome/75.0.3770.100 Safari/537.36',
  'upgrade-insecure-requests' => '1',
  'cache-control' => 'max-age=0',
  'connection' => 'keep-alive',
  'host' => 'www.cqqchat.com',
  'content-type' => '',
  'content-length' => '',
)
[ info ] [ PARAM ] array (
)
---------------------------------------------------------------

[2019-11-05T23:16:44+08:00] 192.168.78.1 GET www.cqqchat.com/api/v1.Goods/listAll
[运行时间：0.352028s] [吞吐率：2.84req/s] [内存消耗：1,702.94kb] [文件加载：67]
[ info ] [ LANG ] /www/wwwroot/www.wkchat/thinkphp/lang/zh-cn.php
[ info ] [ ROUTE ] array (
)
[ info ] [ HEADER ] array (
  'cookie' => 'thinkphp_show_page_trace=0|0; PHPSESSID=37ptaaro2i5cbdg95ba5j012im',
  'accept-language' => 'zh-CN,zh;q=0.9,en;q=0.8',
  'accept-encoding' => 'gzip, deflate',
  'accept' => 'text/html,application/xhtml+xml,application/xml;q=0.9,image/webp,image/apng,*/*;q=0.8,application/signed-exchange;v=b3',
  'dnt' => '1',
  'user-agent' => 'Mozilla/5.0 (Windows NT 10.0; Win64; x64) AppleWebKit/537.36 (KHTML, like Gecko) Chrome/75.0.3770.100 Safari/537.36',
  'upgrade-insecure-requests' => '1',
  'connection' => 'keep-alive',
  'host' => 'www.cqqchat.com',
  'content-type' => '',
  'content-length' => '',
)
[ info ] [ PARAM ] array (
)
[ error ] [0]variable type error： array[/www/wwwroot/www.wkchat/thinkphp/library/think/Response.php:403]
---------------------------------------------------------------

[2019-11-05T23:17:25+08:00] 192.168.78.1 GET www.cqqchat.com/api/v1.Goods/listAll
[运行时间：0.298291s] [吞吐率：3.35req/s] [内存消耗：1,576.88kb] [文件加载：62]
[ info ] [ LANG ] /www/wwwroot/www.wkchat/thinkphp/lang/zh-cn.php
[ info ] [ ROUTE ] array (
)
[ info ] [ HEADER ] array (
  'cookie' => 'thinkphp_show_page_trace=0|0; PHPSESSID=37ptaaro2i5cbdg95ba5j012im',
  'accept-language' => 'zh-CN,zh;q=0.9,en;q=0.8',
  'accept-encoding' => 'gzip, deflate',
  'accept' => 'text/html,application/xhtml+xml,application/xml;q=0.9,image/webp,image/apng,*/*;q=0.8,application/signed-exchange;v=b3',
  'dnt' => '1',
  'user-agent' => 'Mozilla/5.0 (Windows NT 10.0; Win64; x64) AppleWebKit/537.36 (KHTML, like Gecko) Chrome/75.0.3770.100 Safari/537.36',
  'upgrade-insecure-requests' => '1',
  'cache-control' => 'max-age=0',
  'connection' => 'keep-alive',
  'host' => 'www.cqqchat.com',
  'content-type' => '',
  'content-length' => '',
)
[ info ] [ PARAM ] array (
)
---------------------------------------------------------------

[2019-11-05T23:18:29+08:00] 192.168.78.1 GET www.cqqchat.com/api/v1.Goods/listAll
[运行时间：0.240320s] [吞吐率：4.16req/s] [内存消耗：1,578.70kb] [文件加载：62]
[ info ] [ LANG ] /www/wwwroot/www.wkchat/thinkphp/lang/zh-cn.php
[ info ] [ ROUTE ] array (
)
[ info ] [ HEADER ] array (
  'cookie' => 'thinkphp_show_page_trace=0|0; PHPSESSID=37ptaaro2i5cbdg95ba5j012im',
  'accept-language' => 'zh-CN,zh;q=0.9,en;q=0.8',
  'accept-encoding' => 'gzip, deflate',
  'accept' => 'text/html,application/xhtml+xml,application/xml;q=0.9,image/webp,image/apng,*/*;q=0.8,application/signed-exchange;v=b3',
  'dnt' => '1',
  'user-agent' => 'Mozilla/5.0 (Windows NT 10.0; Win64; x64) AppleWebKit/537.36 (KHTML, like Gecko) Chrome/75.0.3770.100 Safari/537.36',
  'upgrade-insecure-requests' => '1',
  'cache-control' => 'max-age=0',
  'connection' => 'keep-alive',
  'host' => 'www.cqqchat.com',
  'content-type' => '',
  'content-length' => '',
)
[ info ] [ PARAM ] array (
)
---------------------------------------------------------------

[2019-11-05T23:36:31+08:00] 192.168.78.1 GET www.cqqchat.com/api/v1.Goods/listAll
[运行时间：0.222218s] [吞吐率：4.50req/s] [内存消耗：1,386.44kb] [文件加载：57]
[ info ] [ LANG ] /www/wwwroot/www.wkchat/thinkphp/lang/zh-cn.php
---------------------------------------------------------------

[2019-11-05T23:36:57+08:00] 192.168.78.1 GET www.cqqchat.com/api/v1/goodsList
[运行时间：0.227635s] [吞吐率：4.39req/s] [内存消耗：1,554.83kb] [文件加载：61]
[ info ] [ LANG ] /www/wwwroot/www.wkchat/thinkphp/lang/zh-cn.php
[ info ] [ ROUTE ] array (
  'rule' => 'api/v1/goodsList',
  'route' => 'api/v1.Goods/listAll',
  'option' => 
  array (
    'merge_rule_regex' => true,
  ),
  'var' => 
  array (
  ),
)
[ info ] [ HEADER ] array (
  'cookie' => 'thinkphp_show_page_trace=0|0; PHPSESSID=37ptaaro2i5cbdg95ba5j012im',
  'accept-language' => 'zh-CN,zh;q=0.9,en;q=0.8',
  'accept-encoding' => 'gzip, deflate',
  'accept' => 'text/html,application/xhtml+xml,application/xml;q=0.9,image/webp,image/apng,*/*;q=0.8,application/signed-exchange;v=b3',
  'dnt' => '1',
  'user-agent' => 'Mozilla/5.0 (Windows NT 10.0; Win64; x64) AppleWebKit/537.36 (KHTML, like Gecko) Chrome/75.0.3770.100 Safari/537.36',
  'upgrade-insecure-requests' => '1',
  'connection' => 'keep-alive',
  'host' => 'www.cqqchat.com',
  'content-type' => '',
  'content-length' => '',
)
[ info ] [ PARAM ] array (
)
---------------------------------------------------------------

[2019-11-05T23:37:05+08:00] 192.168.78.1 GET www.cqqchat.com/api/v1/goodsList
[运行时间：0.244314s] [吞吐率：4.09req/s] [内存消耗：1,183.17kb] [文件加载：52]
[ info ] [ LANG ] /www/wwwroot/www.wkchat/thinkphp/lang/zh-cn.php
[ info ] [ ROUTE ] array (
  'rule' => 'api/v1/goodsList',
  'route' => '@api/v1.Goods/listAll',
  'option' => 
  array (
    'merge_rule_regex' => true,
  ),
  'var' => 
  array (
  ),
)
[ info ] [ HEADER ] array (
  'cookie' => 'thinkphp_show_page_trace=0|0; PHPSESSID=37ptaaro2i5cbdg95ba5j012im',
  'accept-language' => 'zh-CN,zh;q=0.9,en;q=0.8',
  'accept-encoding' => 'gzip, deflate',
  'accept' => 'text/html,application/xhtml+xml,application/xml;q=0.9,image/webp,image/apng,*/*;q=0.8,application/signed-exchange;v=b3',
  'dnt' => '1',
  'user-agent' => 'Mozilla/5.0 (Windows NT 10.0; Win64; x64) AppleWebKit/537.36 (KHTML, like Gecko) Chrome/75.0.3770.100 Safari/537.36',
  'upgrade-insecure-requests' => '1',
  'cache-control' => 'max-age=0',
  'connection' => 'keep-alive',
  'host' => 'www.cqqchat.com',
  'content-type' => '',
  'content-length' => '',
)
[ info ] [ PARAM ] array (
)
---------------------------------------------------------------

[2019-11-05T23:37:06+08:00] 192.168.78.1 GET www.cqqchat.com/api/v1/goodsList
[运行时间：0.167651s] [吞吐率：5.96req/s] [内存消耗：1,183.17kb] [文件加载：52]
[ info ] [ LANG ] /www/wwwroot/www.wkchat/thinkphp/lang/zh-cn.php
[ info ] [ ROUTE ] array (
  'rule' => 'api/v1/goodsList',
  'route' => '@api/v1.Goods/listAll',
  'option' => 
  array (
    'merge_rule_regex' => true,
  ),
  'var' => 
  array (
  ),
)
[ info ] [ HEADER ] array (
  'cookie' => 'thinkphp_show_page_trace=0|0; PHPSESSID=37ptaaro2i5cbdg95ba5j012im',
  'accept-language' => 'zh-CN,zh;q=0.9,en;q=0.8',
  'accept-encoding' => 'gzip, deflate',
  'accept' => 'text/html,application/xhtml+xml,application/xml;q=0.9,image/webp,image/apng,*/*;q=0.8,application/signed-exchange;v=b3',
  'dnt' => '1',
  'user-agent' => 'Mozilla/5.0 (Windows NT 10.0; Win64; x64) AppleWebKit/537.36 (KHTML, like Gecko) Chrome/75.0.3770.100 Safari/537.36',
  'upgrade-insecure-requests' => '1',
  'cache-control' => 'max-age=0',
  'connection' => 'keep-alive',
  'host' => 'www.cqqchat.com',
  'content-type' => '',
  'content-length' => '',
)
[ info ] [ PARAM ] array (
)
---------------------------------------------------------------

[2019-11-05T23:37:08+08:00] 192.168.78.1 GET www.cqqchat.com/api/v1/goodsList
[运行时间：0.165675s] [吞吐率：6.04req/s] [内存消耗：1,183.17kb] [文件加载：52]
[ info ] [ LANG ] /www/wwwroot/www.wkchat/thinkphp/lang/zh-cn.php
[ info ] [ ROUTE ] array (
  'rule' => 'api/v1/goodsList',
  'route' => '@api/v1.Goods/listAll',
  'option' => 
  array (
    'merge_rule_regex' => true,
  ),
  'var' => 
  array (
  ),
)
[ info ] [ HEADER ] array (
  'cookie' => 'thinkphp_show_page_trace=0|0; PHPSESSID=37ptaaro2i5cbdg95ba5j012im',
  'accept-language' => 'zh-CN,zh;q=0.9,en;q=0.8',
  'accept-encoding' => 'gzip, deflate',
  'accept' => 'text/html,application/xhtml+xml,application/xml;q=0.9,image/webp,image/apng,*/*;q=0.8,application/signed-exchange;v=b3',
  'dnt' => '1',
  'user-agent' => 'Mozilla/5.0 (Windows NT 10.0; Win64; x64) AppleWebKit/537.36 (KHTML, like Gecko) Chrome/75.0.3770.100 Safari/537.36',
  'upgrade-insecure-requests' => '1',
  'cache-control' => 'max-age=0',
  'connection' => 'keep-alive',
  'host' => 'www.cqqchat.com',
  'content-type' => '',
  'content-length' => '',
)
[ info ] [ PARAM ] array (
)
---------------------------------------------------------------

[2019-11-05T23:37:22+08:00] 192.168.78.1 GET www.cqqchat.com/api/v1/goodsList
[运行时间：0.171269s] [吞吐率：5.84req/s] [内存消耗：1,183.17kb] [文件加载：52]
[ info ] [ LANG ] /www/wwwroot/www.wkchat/thinkphp/lang/zh-cn.php
[ info ] [ ROUTE ] array (
  'rule' => 'api/v1/goodsList',
  'route' => '@api/v1.Goods/listAll',
  'option' => 
  array (
    'merge_rule_regex' => true,
  ),
  'var' => 
  array (
  ),
)
[ info ] [ HEADER ] array (
  'cookie' => 'thinkphp_show_page_trace=0|0; PHPSESSID=37ptaaro2i5cbdg95ba5j012im',
  'accept-language' => 'zh-CN,zh;q=0.9,en;q=0.8',
  'accept-encoding' => 'gzip, deflate',
  'accept' => 'text/html,application/xhtml+xml,application/xml;q=0.9,image/webp,image/apng,*/*;q=0.8,application/signed-exchange;v=b3',
  'dnt' => '1',
  'user-agent' => 'Mozilla/5.0 (Windows NT 10.0; Win64; x64) AppleWebKit/537.36 (KHTML, like Gecko) Chrome/75.0.3770.100 Safari/537.36',
  'upgrade-insecure-requests' => '1',
  'cache-control' => 'max-age=0',
  'connection' => 'keep-alive',
  'host' => 'www.cqqchat.com',
  'content-type' => '',
  'content-length' => '',
)
[ info ] [ PARAM ] array (
)
---------------------------------------------------------------

[2019-11-05T23:37:43+08:00] 192.168.78.1 GET www.cqqchat.com/api/v1/goodsList
[运行时间：0.242023s] [吞吐率：4.13req/s] [内存消耗：1,554.87kb] [文件加载：61]
[ info ] [ LANG ] /www/wwwroot/www.wkchat/thinkphp/lang/zh-cn.php
[ info ] [ ROUTE ] array (
  'rule' => 'api/v1/goodsList',
  'route' => 'api/v1.Goods/listAll',
  'option' => 
  array (
    'merge_rule_regex' => true,
  ),
  'var' => 
  array (
  ),
)
[ info ] [ HEADER ] array (
  'cookie' => 'thinkphp_show_page_trace=0|0; PHPSESSID=37ptaaro2i5cbdg95ba5j012im',
  'accept-language' => 'zh-CN,zh;q=0.9,en;q=0.8',
  'accept-encoding' => 'gzip, deflate',
  'accept' => 'text/html,application/xhtml+xml,application/xml;q=0.9,image/webp,image/apng,*/*;q=0.8,application/signed-exchange;v=b3',
  'dnt' => '1',
  'user-agent' => 'Mozilla/5.0 (Windows NT 10.0; Win64; x64) AppleWebKit/537.36 (KHTML, like Gecko) Chrome/75.0.3770.100 Safari/537.36',
  'upgrade-insecure-requests' => '1',
  'cache-control' => 'max-age=0',
  'connection' => 'keep-alive',
  'host' => 'www.cqqchat.com',
  'content-type' => '',
  'content-length' => '',
)
[ info ] [ PARAM ] array (
)
---------------------------------------------------------------

[2019-11-05T23:37:51+08:00] 192.168.78.1 GET www.cqqchat.com/api/v1/goodsList
[运行时间：0.269837s] [吞吐率：3.71req/s] [内存消耗：1,384.18kb] [文件加载：57]
[ info ] [ LANG ] /www/wwwroot/www.wkchat/thinkphp/lang/zh-cn.php
---------------------------------------------------------------

[2019-11-05T23:38:13+08:00] 192.168.78.1 GET www.cqqchat.com/api/v1/goodsList
[运行时间：0.282527s] [吞吐率：3.54req/s] [内存消耗：1,554.87kb] [文件加载：61]
[ info ] [ LANG ] /www/wwwroot/www.wkchat/thinkphp/lang/zh-cn.php
[ info ] [ ROUTE ] array (
  'rule' => 'api/v1/goodsList',
  'route' => 'api/v1.Goods/listAll',
  'option' => 
  array (
    'merge_rule_regex' => true,
  ),
  'var' => 
  array (
  ),
)
[ info ] [ HEADER ] array (
  'cookie' => 'thinkphp_show_page_trace=0|0; PHPSESSID=37ptaaro2i5cbdg95ba5j012im',
  'accept-language' => 'zh-CN,zh;q=0.9,en;q=0.8',
  'accept-encoding' => 'gzip, deflate',
  'accept' => 'text/html,application/xhtml+xml,application/xml;q=0.9,image/webp,image/apng,*/*;q=0.8,application/signed-exchange;v=b3',
  'dnt' => '1',
  'user-agent' => 'Mozilla/5.0 (Windows NT 10.0; Win64; x64) AppleWebKit/537.36 (KHTML, like Gecko) Chrome/75.0.3770.100 Safari/537.36',
  'upgrade-insecure-requests' => '1',
  'cache-control' => 'max-age=0',
  'connection' => 'keep-alive',
  'host' => 'www.cqqchat.com',
  'content-type' => '',
  'content-length' => '',
)
[ info ] [ PARAM ] array (
)
---------------------------------------------------------------

[2019-11-05T23:38:22+08:00] 192.168.78.1 GET www.cqqchat.com/api/v1/goodsList
[运行时间：0.167389s] [吞吐率：5.97req/s] [内存消耗：1,183.16kb] [文件加载：52]
[ info ] [ LANG ] /www/wwwroot/www.wkchat/thinkphp/lang/zh-cn.php
[ info ] [ ROUTE ] array (
  'rule' => 'api/v1/goodsList',
  'route' => '@api/v1/Goods/listAll',
  'option' => 
  array (
    'merge_rule_regex' => true,
  ),
  'var' => 
  array (
  ),
)
[ info ] [ HEADER ] array (
  'cookie' => 'thinkphp_show_page_trace=0|0; PHPSESSID=37ptaaro2i5cbdg95ba5j012im',
  'accept-language' => 'zh-CN,zh;q=0.9,en;q=0.8',
  'accept-encoding' => 'gzip, deflate',
  'accept' => 'text/html,application/xhtml+xml,application/xml;q=0.9,image/webp,image/apng,*/*;q=0.8,application/signed-exchange;v=b3',
  'dnt' => '1',
  'user-agent' => 'Mozilla/5.0 (Windows NT 10.0; Win64; x64) AppleWebKit/537.36 (KHTML, like Gecko) Chrome/75.0.3770.100 Safari/537.36',
  'upgrade-insecure-requests' => '1',
  'cache-control' => 'max-age=0',
  'connection' => 'keep-alive',
  'host' => 'www.cqqchat.com',
  'content-type' => '',
  'content-length' => '',
)
[ info ] [ PARAM ] array (
)
