---------------------------------------------------------------

[2019-11-06T00:01:49+08:00] 192.168.78.1 GET www.cqqchat.com/api/v1/goodsGet/1
[运行时间：0.804132s] [吞吐率：1.24req/s] [内存消耗：1,667.27kb] [文件加载：66]
[ info ] [ LANG ] /www/wwwroot/www.wkchat/thinkphp/lang/zh-cn.php
[ info ] [ ROUTE ] array (
)
[ info ] [ HEADER ] array (
  'cookie' => 'thinkphp_show_page_trace=0|0; PHPSESSID=37ptaaro2i5cbdg95ba5j012im',
  'accept-language' => 'zh-CN,zh;q=0.9,en;q=0.8',
  'accept-encoding' => 'gzip, deflate',
  'accept' => 'text/html,application/xhtml+xml,application/xml;q=0.9,image/webp,image/apng,*/*;q=0.8,application/signed-exchange;v=b3',
  'dnt' => '1',
  'user-agent' => 'Mozilla/5.0 (Windows NT 10.0; Win64; x64) AppleWebKit/537.36 (KHTML, like Gecko) Chrome/75.0.3770.100 Safari/537.36',
  'upgrade-insecure-requests' => '1',
  'connection' => 'keep-alive',
  'host' => 'www.cqqchat.com',
  'content-type' => '',
  'content-length' => '',
)
[ info ] [ PARAM ] array (
)
---------------------------------------------------------------

[2019-11-06T00:02:04+08:00] 192.168.78.1 GET www.cqqchat.com/api/v1/goodsGet/1
[运行时间：0.271636s] [吞吐率：3.68req/s] [内存消耗：1,388.65kb] [文件加载：58]
[ info ] [ LANG ] /www/wwwroot/www.wkchat/thinkphp/lang/zh-cn.php
[ info ] [ ROUTE ] array (
  'rule' => 'api/v1/goodsGet',
  'route' => '@api/v1/Goods/get',
  'option' => 
  array (
    'merge_rule_regex' => true,
  ),
  'var' => 
  array (
  ),
)
[ info ] [ HEADER ] array (
  'cookie' => 'thinkphp_show_page_trace=0|0; PHPSESSID=37ptaaro2i5cbdg95ba5j012im',
  'accept-language' => 'zh-CN,zh;q=0.9,en;q=0.8',
  'accept-encoding' => 'gzip, deflate',
  'accept' => 'text/html,application/xhtml+xml,application/xml;q=0.9,image/webp,image/apng,*/*;q=0.8,application/signed-exchange;v=b3',
  'dnt' => '1',
  'user-agent' => 'Mozilla/5.0 (Windows NT 10.0; Win64; x64) AppleWebKit/537.36 (KHTML, like Gecko) Chrome/75.0.3770.100 Safari/537.36',
  'upgrade-insecure-requests' => '1',
  'cache-control' => 'max-age=0',
  'connection' => 'keep-alive',
  'host' => 'www.cqqchat.com',
  'content-type' => '',
  'content-length' => '',
)
[ info ] [ PARAM ] array (
)
[ error ] [0]方法参数错误:id[/www/wwwroot/www.wkchat/thinkphp/library/think/Container.php:480]
---------------------------------------------------------------

[2019-11-06T00:02:22+08:00] 192.168.78.1 GET www.cqqchat.com/api/v1/goodsGet/1
[运行时间：0.301338s] [吞吐率：3.32req/s] [内存消耗：1,667.30kb] [文件加载：66]
[ info ] [ LANG ] /www/wwwroot/www.wkchat/thinkphp/lang/zh-cn.php
[ info ] [ ROUTE ] array (
)
[ info ] [ HEADER ] array (
  'cookie' => 'thinkphp_show_page_trace=0|0; PHPSESSID=37ptaaro2i5cbdg95ba5j012im',
  'accept-language' => 'zh-CN,zh;q=0.9,en;q=0.8',
  'accept-encoding' => 'gzip, deflate',
  'accept' => 'text/html,application/xhtml+xml,application/xml;q=0.9,image/webp,image/apng,*/*;q=0.8,application/signed-exchange;v=b3',
  'dnt' => '1',
  'user-agent' => 'Mozilla/5.0 (Windows NT 10.0; Win64; x64) AppleWebKit/537.36 (KHTML, like Gecko) Chrome/75.0.3770.100 Safari/537.36',
  'upgrade-insecure-requests' => '1',
  'cache-control' => 'max-age=0',
  'connection' => 'keep-alive',
  'host' => 'www.cqqchat.com',
  'content-type' => '',
  'content-length' => '',
)
[ info ] [ PARAM ] array (
)
---------------------------------------------------------------

[2019-11-06T00:02:55+08:00] 192.168.78.1 GET www.cqqchat.com/api/v1/goodsGet/1
[运行时间：0.212836s] [吞吐率：4.70req/s] [内存消耗：1,392.43kb] [文件加载：59]
[ info ] [ LANG ] /www/wwwroot/www.wkchat/thinkphp/lang/zh-cn.php
[ info ] [ ROUTE ] array (
  'rule' => 'api/v1/goodsGet/<id>',
  'route' => '@api/v1/Goods/get',
  'option' => 
  array (
    'merge_rule_regex' => true,
  ),
  'var' => 
  array (
    'id' => '1',
  ),
)
[ info ] [ HEADER ] array (
  'cookie' => 'thinkphp_show_page_trace=0|0; PHPSESSID=37ptaaro2i5cbdg95ba5j012im',
  'accept-language' => 'zh-CN,zh;q=0.9,en;q=0.8',
  'accept-encoding' => 'gzip, deflate',
  'accept' => 'text/html,application/xhtml+xml,application/xml;q=0.9,image/webp,image/apng,*/*;q=0.8,application/signed-exchange;v=b3',
  'dnt' => '1',
  'user-agent' => 'Mozilla/5.0 (Windows NT 10.0; Win64; x64) AppleWebKit/537.36 (KHTML, like Gecko) Chrome/75.0.3770.100 Safari/537.36',
  'upgrade-insecure-requests' => '1',
  'cache-control' => 'max-age=0',
  'connection' => 'keep-alive',
  'host' => 'www.cqqchat.com',
  'content-type' => '',
  'content-length' => '',
)
[ info ] [ PARAM ] array (
  'id' => '1',
)
[ error ] [0]类不存在:app\v1\event\Goods[/www/wwwroot/www.wkchat/thinkphp/library/think/App.php:730]
---------------------------------------------------------------

[2019-11-06T00:04:00+08:00] 192.168.78.1 GET www.cqqchat.com/api/v1/goodsGet/1
[运行时间：0.235010s] [吞吐率：4.26req/s] [内存消耗：1,392.47kb] [文件加载：59]
[ info ] [ LANG ] /www/wwwroot/www.wkchat/thinkphp/lang/zh-cn.php
[ info ] [ ROUTE ] array (
  'rule' => 'api/v1/goodsGet/<id>',
  'route' => '@api/v1/Goods/get',
  'option' => 
  array (
    'merge_rule_regex' => true,
  ),
  'var' => 
  array (
    'id' => '1',
  ),
)
[ info ] [ HEADER ] array (
  'cookie' => 'thinkphp_show_page_trace=0|0; PHPSESSID=37ptaaro2i5cbdg95ba5j012im',
  'accept-language' => 'zh-CN,zh;q=0.9,en;q=0.8',
  'accept-encoding' => 'gzip, deflate',
  'accept' => 'text/html,application/xhtml+xml,application/xml;q=0.9,image/webp,image/apng,*/*;q=0.8,application/signed-exchange;v=b3',
  'dnt' => '1',
  'user-agent' => 'Mozilla/5.0 (Windows NT 10.0; Win64; x64) AppleWebKit/537.36 (KHTML, like Gecko) Chrome/75.0.3770.100 Safari/537.36',
  'upgrade-insecure-requests' => '1',
  'cache-control' => 'max-age=0',
  'connection' => 'keep-alive',
  'host' => 'www.cqqchat.com',
  'content-type' => '',
  'content-length' => '',
)
[ info ] [ PARAM ] array (
  'id' => '1',
)
[ error ] [0]类不存在:app\v1\api\event\Goods[/www/wwwroot/www.wkchat/thinkphp/library/think/App.php:730]
---------------------------------------------------------------

[2019-11-06T00:04:03+08:00] 192.168.78.1 GET www.cqqchat.com/api/v1/goodsGet/1
[运行时间：0.246572s] [吞吐率：4.06req/s] [内存消耗：1,392.47kb] [文件加载：59]
[ info ] [ LANG ] /www/wwwroot/www.wkchat/thinkphp/lang/zh-cn.php
[ info ] [ ROUTE ] array (
  'rule' => 'api/v1/goodsGet/<id>',
  'route' => '@api/v1/Goods/get',
  'option' => 
  array (
    'merge_rule_regex' => true,
  ),
  'var' => 
  array (
    'id' => '1',
  ),
)
[ info ] [ HEADER ] array (
  'cookie' => 'thinkphp_show_page_trace=0|0; PHPSESSID=37ptaaro2i5cbdg95ba5j012im',
  'accept-language' => 'zh-CN,zh;q=0.9,en;q=0.8',
  'accept-encoding' => 'gzip, deflate',
  'accept' => 'text/html,application/xhtml+xml,application/xml;q=0.9,image/webp,image/apng,*/*;q=0.8,application/signed-exchange;v=b3',
  'dnt' => '1',
  'user-agent' => 'Mozilla/5.0 (Windows NT 10.0; Win64; x64) AppleWebKit/537.36 (KHTML, like Gecko) Chrome/75.0.3770.100 Safari/537.36',
  'upgrade-insecure-requests' => '1',
  'cache-control' => 'max-age=0',
  'connection' => 'keep-alive',
  'host' => 'www.cqqchat.com',
  'content-type' => '',
  'content-length' => '',
)
[ info ] [ PARAM ] array (
  'id' => '1',
)
[ error ] [0]类不存在:app\v1\api\event\Goods[/www/wwwroot/www.wkchat/thinkphp/library/think/App.php:730]
---------------------------------------------------------------

[2019-11-06T00:04:50+08:00] 192.168.78.1 GET www.cqqchat.com/api/v1/goodsGet/1
[运行时间：0.216857s] [吞吐率：4.61req/s] [内存消耗：1,392.34kb] [文件加载：59]
[ info ] [ LANG ] /www/wwwroot/www.wkchat/thinkphp/lang/zh-cn.php
[ info ] [ ROUTE ] array (
  'rule' => 'api/v1/goodsGet/<id>',
  'route' => '@api/v1/Goods/get',
  'option' => 
  array (
    'merge_rule_regex' => true,
  ),
  'var' => 
  array (
    'id' => '1',
  ),
)
[ info ] [ HEADER ] array (
  'cookie' => 'thinkphp_show_page_trace=0|0; PHPSESSID=37ptaaro2i5cbdg95ba5j012im',
  'accept-language' => 'zh-CN,zh;q=0.9,en;q=0.8',
  'accept-encoding' => 'gzip, deflate',
  'accept' => 'text/html,application/xhtml+xml,application/xml;q=0.9,image/webp,image/apng,*/*;q=0.8,application/signed-exchange;v=b3',
  'dnt' => '1',
  'user-agent' => 'Mozilla/5.0 (Windows NT 10.0; Win64; x64) AppleWebKit/537.36 (KHTML, like Gecko) Chrome/75.0.3770.100 Safari/537.36',
  'upgrade-insecure-requests' => '1',
  'cache-control' => 'max-age=0',
  'connection' => 'keep-alive',
  'host' => 'www.cqqchat.com',
  'content-type' => '',
  'content-length' => '',
)
[ info ] [ PARAM ] array (
  'id' => '1',
)
[ error ] [0]类不存在:api\Goods[/www/wwwroot/www.wkchat/thinkphp/library/think/App.php:730]
---------------------------------------------------------------

[2019-11-06T00:05:15+08:00] 192.168.78.1 GET www.cqqchat.com/api/v1/goodsGet/1
[运行时间：0.235444s] [吞吐率：4.25req/s] [内存消耗：1,392.36kb] [文件加载：59]
[ info ] [ LANG ] /www/wwwroot/www.wkchat/thinkphp/lang/zh-cn.php
[ info ] [ ROUTE ] array (
  'rule' => 'api/v1/goodsGet/<id>',
  'route' => '@api/v1/Goods/get',
  'option' => 
  array (
    'merge_rule_regex' => true,
  ),
  'var' => 
  array (
    'id' => '1',
  ),
)
[ info ] [ HEADER ] array (
  'cookie' => 'thinkphp_show_page_trace=0|0; PHPSESSID=37ptaaro2i5cbdg95ba5j012im',
  'accept-language' => 'zh-CN,zh;q=0.9,en;q=0.8',
  'accept-encoding' => 'gzip, deflate',
  'accept' => 'text/html,application/xhtml+xml,application/xml;q=0.9,image/webp,image/apng,*/*;q=0.8,application/signed-exchange;v=b3',
  'dnt' => '1',
  'user-agent' => 'Mozilla/5.0 (Windows NT 10.0; Win64; x64) AppleWebKit/537.36 (KHTML, like Gecko) Chrome/75.0.3770.100 Safari/537.36',
  'upgrade-insecure-requests' => '1',
  'cache-control' => 'max-age=0',
  'connection' => 'keep-alive',
  'host' => 'www.cqqchat.com',
  'content-type' => '',
  'content-length' => '',
)
[ info ] [ PARAM ] array (
  'id' => '1',
)
[ error ] [0]类不存在:api\event\Goods[/www/wwwroot/www.wkchat/thinkphp/library/think/App.php:730]
---------------------------------------------------------------

[2019-11-06T00:06:14+08:00] 192.168.78.1 GET www.cqqchat.com/api/v1/goodsGet/1
[运行时间：0.209445s] [吞吐率：4.77req/s] [内存消耗：1,392.48kb] [文件加载：59]
[ info ] [ LANG ] /www/wwwroot/www.wkchat/thinkphp/lang/zh-cn.php
[ info ] [ ROUTE ] array (
  'rule' => 'api/v1/goodsGet/<id>',
  'route' => '@api/v1/Goods/get',
  'option' => 
  array (
    'merge_rule_regex' => true,
  ),
  'var' => 
  array (
    'id' => '1',
  ),
)
[ info ] [ HEADER ] array (
  'cookie' => 'thinkphp_show_page_trace=0|0; PHPSESSID=37ptaaro2i5cbdg95ba5j012im',
  'accept-language' => 'zh-CN,zh;q=0.9,en;q=0.8',
  'accept-encoding' => 'gzip, deflate',
  'accept' => 'text/html,application/xhtml+xml,application/xml;q=0.9,image/webp,image/apng,*/*;q=0.8,application/signed-exchange;v=b3',
  'dnt' => '1',
  'user-agent' => 'Mozilla/5.0 (Windows NT 10.0; Win64; x64) AppleWebKit/537.36 (KHTML, like Gecko) Chrome/75.0.3770.100 Safari/537.36',
  'upgrade-insecure-requests' => '1',
  'cache-control' => 'max-age=0',
  'connection' => 'keep-alive',
  'host' => 'www.cqqchat.com',
  'content-type' => '',
  'content-length' => '',
)
[ info ] [ PARAM ] array (
  'id' => '1',
)
[ error ] [0]类不存在:app\v1\app\api\event\Goods[/www/wwwroot/www.wkchat/thinkphp/library/think/App.php:730]
---------------------------------------------------------------

[2019-11-06T00:06:17+08:00] 192.168.78.1 GET www.cqqchat.com/api/v1/goodsGet/1
[运行时间：0.232077s] [吞吐率：4.31req/s] [内存消耗：1,392.48kb] [文件加载：59]
[ info ] [ LANG ] /www/wwwroot/www.wkchat/thinkphp/lang/zh-cn.php
[ info ] [ ROUTE ] array (
  'rule' => 'api/v1/goodsGet/<id>',
  'route' => '@api/v1/Goods/get',
  'option' => 
  array (
    'merge_rule_regex' => true,
  ),
  'var' => 
  array (
    'id' => '1',
  ),
)
[ info ] [ HEADER ] array (
  'cookie' => 'thinkphp_show_page_trace=0|0; PHPSESSID=37ptaaro2i5cbdg95ba5j012im',
  'accept-language' => 'zh-CN,zh;q=0.9,en;q=0.8',
  'accept-encoding' => 'gzip, deflate',
  'accept' => 'text/html,application/xhtml+xml,application/xml;q=0.9,image/webp,image/apng,*/*;q=0.8,application/signed-exchange;v=b3',
  'dnt' => '1',
  'user-agent' => 'Mozilla/5.0 (Windows NT 10.0; Win64; x64) AppleWebKit/537.36 (KHTML, like Gecko) Chrome/75.0.3770.100 Safari/537.36',
  'upgrade-insecure-requests' => '1',
  'cache-control' => 'max-age=0',
  'connection' => 'keep-alive',
  'host' => 'www.cqqchat.com',
  'content-type' => '',
  'content-length' => '',
)
[ info ] [ PARAM ] array (
  'id' => '1',
)
[ error ] [0]类不存在:app\v1\app\api\event\Goods[/www/wwwroot/www.wkchat/thinkphp/library/think/App.php:730]
---------------------------------------------------------------

[2019-11-06T00:06:32+08:00] 192.168.78.1 GET www.cqqchat.com/api/v1/goodsGet/1
[运行时间：0.212634s] [吞吐率：4.70req/s] [内存消耗：1,392.43kb] [文件加载：59]
[ info ] [ LANG ] /www/wwwroot/www.wkchat/thinkphp/lang/zh-cn.php
[ info ] [ ROUTE ] array (
  'rule' => 'api/v1/goodsGet/<id>',
  'route' => '@api/v1/Goods/get',
  'option' => 
  array (
    'merge_rule_regex' => true,
  ),
  'var' => 
  array (
    'id' => '1',
  ),
)
[ info ] [ HEADER ] array (
  'cookie' => 'thinkphp_show_page_trace=0|0; PHPSESSID=37ptaaro2i5cbdg95ba5j012im',
  'accept-language' => 'zh-CN,zh;q=0.9,en;q=0.8',
  'accept-encoding' => 'gzip, deflate',
  'accept' => 'text/html,application/xhtml+xml,application/xml;q=0.9,image/webp,image/apng,*/*;q=0.8,application/signed-exchange;v=b3',
  'dnt' => '1',
  'user-agent' => 'Mozilla/5.0 (Windows NT 10.0; Win64; x64) AppleWebKit/537.36 (KHTML, like Gecko) Chrome/75.0.3770.100 Safari/537.36',
  'upgrade-insecure-requests' => '1',
  'cache-control' => 'max-age=0',
  'connection' => 'keep-alive',
  'host' => 'www.cqqchat.com',
  'content-type' => '',
  'content-length' => '',
)
[ info ] [ PARAM ] array (
  'id' => '1',
)
[ error ] [0]类不存在:app\v1\event\Goods[/www/wwwroot/www.wkchat/thinkphp/library/think/App.php:730]
---------------------------------------------------------------

[2019-11-06T00:07:19+08:00] 192.168.78.1 GET www.cqqchat.com/api/v1/goodsGet/1
[运行时间：0.257745s] [吞吐率：3.88req/s] [内存消耗：1,392.43kb] [文件加载：59]
[ info ] [ LANG ] /www/wwwroot/www.wkchat/thinkphp/lang/zh-cn.php
[ info ] [ ROUTE ] array (
  'rule' => 'api/v1/goodsGet/<id>',
  'route' => '@api/v1/Goods/get',
  'option' => 
  array (
    'merge_rule_regex' => true,
  ),
  'var' => 
  array (
    'id' => '1',
  ),
)
[ info ] [ HEADER ] array (
  'cookie' => 'thinkphp_show_page_trace=0|0; PHPSESSID=37ptaaro2i5cbdg95ba5j012im',
  'accept-language' => 'zh-CN,zh;q=0.9,en;q=0.8',
  'accept-encoding' => 'gzip, deflate',
  'accept' => 'text/html,application/xhtml+xml,application/xml;q=0.9,image/webp,image/apng,*/*;q=0.8,application/signed-exchange;v=b3',
  'dnt' => '1',
  'user-agent' => 'Mozilla/5.0 (Windows NT 10.0; Win64; x64) AppleWebKit/537.36 (KHTML, like Gecko) Chrome/75.0.3770.100 Safari/537.36',
  'upgrade-insecure-requests' => '1',
  'cache-control' => 'max-age=0',
  'connection' => 'keep-alive',
  'host' => 'www.cqqchat.com',
  'content-type' => '',
  'content-length' => '',
)
[ info ] [ PARAM ] array (
  'id' => '1',
)
[ error ] [0]类不存在:app\v1\event\Goods[/www/wwwroot/www.wkchat/thinkphp/library/think/App.php:730]
---------------------------------------------------------------

[2019-11-06T00:07:23+08:00] 192.168.78.1 GET www.cqqchat.com/api/v1/goodsGet/1
[运行时间：0.216689s] [吞吐率：4.61req/s] [内存消耗：1,392.43kb] [文件加载：59]
[ info ] [ LANG ] /www/wwwroot/www.wkchat/thinkphp/lang/zh-cn.php
[ info ] [ ROUTE ] array (
  'rule' => 'api/v1/goodsGet/<id>',
  'route' => '@api/v1/Goods/get',
  'option' => 
  array (
    'merge_rule_regex' => true,
  ),
  'var' => 
  array (
    'id' => '1',
  ),
)
[ info ] [ HEADER ] array (
  'cookie' => 'thinkphp_show_page_trace=0|0; PHPSESSID=37ptaaro2i5cbdg95ba5j012im',
  'accept-language' => 'zh-CN,zh;q=0.9,en;q=0.8',
  'accept-encoding' => 'gzip, deflate',
  'accept' => 'text/html,application/xhtml+xml,application/xml;q=0.9,image/webp,image/apng,*/*;q=0.8,application/signed-exchange;v=b3',
  'dnt' => '1',
  'user-agent' => 'Mozilla/5.0 (Windows NT 10.0; Win64; x64) AppleWebKit/537.36 (KHTML, like Gecko) Chrome/75.0.3770.100 Safari/537.36',
  'upgrade-insecure-requests' => '1',
  'cache-control' => 'max-age=0',
  'connection' => 'keep-alive',
  'host' => 'www.cqqchat.com',
  'content-type' => '',
  'content-length' => '',
)
[ info ] [ PARAM ] array (
  'id' => '1',
)
[ error ] [0]类不存在:app\v1\event\Goods[/www/wwwroot/www.wkchat/thinkphp/library/think/App.php:730]
---------------------------------------------------------------

[2019-11-06T00:09:16+08:00] 192.168.78.1 GET www.cqqchat.com/api/v1/goodsGet/1
[运行时间：0.237457s] [吞吐率：4.21req/s] [内存消耗：1,392.47kb] [文件加载：59]
[ info ] [ LANG ] /www/wwwroot/www.wkchat/thinkphp/lang/zh-cn.php
[ info ] [ ROUTE ] array (
  'rule' => 'api/v1/goodsGet/<id>',
  'route' => '@api/v1/Goods/get',
  'option' => 
  array (
    'merge_rule_regex' => true,
  ),
  'var' => 
  array (
    'id' => '1',
  ),
)
[ info ] [ HEADER ] array (
  'cookie' => 'thinkphp_show_page_trace=0|0; PHPSESSID=37ptaaro2i5cbdg95ba5j012im',
  'accept-language' => 'zh-CN,zh;q=0.9,en;q=0.8',
  'accept-encoding' => 'gzip, deflate',
  'accept' => 'text/html,application/xhtml+xml,application/xml;q=0.9,image/webp,image/apng,*/*;q=0.8,application/signed-exchange;v=b3',
  'dnt' => '1',
  'user-agent' => 'Mozilla/5.0 (Windows NT 10.0; Win64; x64) AppleWebKit/537.36 (KHTML, like Gecko) Chrome/75.0.3770.100 Safari/537.36',
  'upgrade-insecure-requests' => '1',
  'cache-control' => 'max-age=0',
  'connection' => 'keep-alive',
  'host' => 'www.cqqchat.com',
  'content-type' => '',
  'content-length' => '',
)
[ info ] [ PARAM ] array (
  'id' => '1',
)
[ error ] [0]类不存在:app\v1\api\event\Goods[/www/wwwroot/www.wkchat/thinkphp/library/think/App.php:730]
---------------------------------------------------------------

[2019-11-06T00:09:23+08:00] 192.168.78.1 GET www.cqqchat.com/api/v1/goodsGet/1
[运行时间：0.211932s] [吞吐率：4.72req/s] [内存消耗：1,392.47kb] [文件加载：59]
[ info ] [ LANG ] /www/wwwroot/www.wkchat/thinkphp/lang/zh-cn.php
[ info ] [ ROUTE ] array (
  'rule' => 'api/v1/goodsGet/<id>',
  'route' => '@api/v1/Goods/get',
  'option' => 
  array (
    'merge_rule_regex' => true,
  ),
  'var' => 
  array (
    'id' => '1',
  ),
)
[ info ] [ HEADER ] array (
  'cookie' => 'thinkphp_show_page_trace=0|0; PHPSESSID=37ptaaro2i5cbdg95ba5j012im',
  'accept-language' => 'zh-CN,zh;q=0.9,en;q=0.8',
  'accept-encoding' => 'gzip, deflate',
  'accept' => 'text/html,application/xhtml+xml,application/xml;q=0.9,image/webp,image/apng,*/*;q=0.8,application/signed-exchange;v=b3',
  'dnt' => '1',
  'user-agent' => 'Mozilla/5.0 (Windows NT 10.0; Win64; x64) AppleWebKit/537.36 (KHTML, like Gecko) Chrome/75.0.3770.100 Safari/537.36',
  'upgrade-insecure-requests' => '1',
  'cache-control' => 'max-age=0',
  'connection' => 'keep-alive',
  'host' => 'www.cqqchat.com',
  'content-type' => '',
  'content-length' => '',
)
[ info ] [ PARAM ] array (
  'id' => '1',
)
[ error ] [0]类不存在:app\v1\api\event\Goods[/www/wwwroot/www.wkchat/thinkphp/library/think/App.php:730]
---------------------------------------------------------------

[2019-11-06T00:10:08+08:00] 192.168.78.1 GET www.cqqchat.com/api/v1/goodsGet/1
[运行时间：0.228186s] [吞吐率：4.38req/s] [内存消耗：1,392.52kb] [文件加载：59]
[ info ] [ LANG ] /www/wwwroot/www.wkchat/thinkphp/lang/zh-cn.php
[ info ] [ ROUTE ] array (
  'rule' => 'api/v1/goodsGet/<id>',
  'route' => '@api/v1/Goods/get',
  'option' => 
  array (
    'merge_rule_regex' => true,
  ),
  'var' => 
  array (
    'id' => '1',
  ),
)
[ info ] [ HEADER ] array (
  'cookie' => 'thinkphp_show_page_trace=0|0; PHPSESSID=37ptaaro2i5cbdg95ba5j012im',
  'accept-language' => 'zh-CN,zh;q=0.9,en;q=0.8',
  'accept-encoding' => 'gzip, deflate',
  'accept' => 'text/html,application/xhtml+xml,application/xml;q=0.9,image/webp,image/apng,*/*;q=0.8,application/signed-exchange;v=b3',
  'dnt' => '1',
  'user-agent' => 'Mozilla/5.0 (Windows NT 10.0; Win64; x64) AppleWebKit/537.36 (KHTML, like Gecko) Chrome/75.0.3770.100 Safari/537.36',
  'upgrade-insecure-requests' => '1',
  'cache-control' => 'max-age=0',
  'connection' => 'keep-alive',
  'host' => 'www.cqqchat.com',
  'content-type' => '',
  'content-length' => '',
)
[ info ] [ PARAM ] array (
  'id' => '1',
)
[ error ] [0]类不存在:app\v1\api\controller\event\Goods[/www/wwwroot/www.wkchat/thinkphp/library/think/App.php:730]
---------------------------------------------------------------

[2019-11-06T00:10:14+08:00] 192.168.78.1 GET www.cqqchat.com/api/v1/goodsGet/1
[运行时间：0.219258s] [吞吐率：4.56req/s] [内存消耗：1,392.52kb] [文件加载：59]
[ info ] [ LANG ] /www/wwwroot/www.wkchat/thinkphp/lang/zh-cn.php
[ info ] [ ROUTE ] array (
  'rule' => 'api/v1/goodsGet/<id>',
  'route' => '@api/v1/Goods/get',
  'option' => 
  array (
    'merge_rule_regex' => true,
  ),
  'var' => 
  array (
    'id' => '1',
  ),
)
[ info ] [ HEADER ] array (
  'cookie' => 'thinkphp_show_page_trace=0|0; PHPSESSID=37ptaaro2i5cbdg95ba5j012im',
  'accept-language' => 'zh-CN,zh;q=0.9,en;q=0.8',
  'accept-encoding' => 'gzip, deflate',
  'accept' => 'text/html,application/xhtml+xml,application/xml;q=0.9,image/webp,image/apng,*/*;q=0.8,application/signed-exchange;v=b3',
  'dnt' => '1',
  'user-agent' => 'Mozilla/5.0 (Windows NT 10.0; Win64; x64) AppleWebKit/537.36 (KHTML, like Gecko) Chrome/75.0.3770.100 Safari/537.36',
  'upgrade-insecure-requests' => '1',
  'cache-control' => 'max-age=0',
  'connection' => 'keep-alive',
  'host' => 'www.cqqchat.com',
  'content-type' => '',
  'content-length' => '',
)
[ info ] [ PARAM ] array (
  'id' => '1',
)
[ error ] [0]类不存在:app\v1\api\controller\event\Goods[/www/wwwroot/www.wkchat/thinkphp/library/think/App.php:730]
---------------------------------------------------------------

[2019-11-06T00:10:26+08:00] 192.168.78.1 GET www.cqqchat.com/api/v1/goodsGet/1
[运行时间：0.252807s] [吞吐率：3.96req/s] [内存消耗：1,392.46kb] [文件加载：59]
[ info ] [ LANG ] /www/wwwroot/www.wkchat/thinkphp/lang/zh-cn.php
[ info ] [ ROUTE ] array (
  'rule' => 'api/v1/goodsGet/<id>',
  'route' => '@api/v1/Goods/get',
  'option' => 
  array (
    'merge_rule_regex' => true,
  ),
  'var' => 
  array (
    'id' => '1',
  ),
)
[ info ] [ HEADER ] array (
  'cookie' => 'thinkphp_show_page_trace=0|0; PHPSESSID=37ptaaro2i5cbdg95ba5j012im',
  'accept-language' => 'zh-CN,zh;q=0.9,en;q=0.8',
  'accept-encoding' => 'gzip, deflate',
  'accept' => 'text/html,application/xhtml+xml,application/xml;q=0.9,image/webp,image/apng,*/*;q=0.8,application/signed-exchange;v=b3',
  'dnt' => '1',
  'user-agent' => 'Mozilla/5.0 (Windows NT 10.0; Win64; x64) AppleWebKit/537.36 (KHTML, like Gecko) Chrome/75.0.3770.100 Safari/537.36',
  'upgrade-insecure-requests' => '1',
  'cache-control' => 'max-age=0',
  'connection' => 'keep-alive',
  'host' => 'www.cqqchat.com',
  'content-type' => '',
  'content-length' => '',
)
[ info ] [ PARAM ] array (
  'id' => '1',
)
[ error ] [0]类不存在:app\v1\@api\controller\event\Goods[/www/wwwroot/www.wkchat/thinkphp/library/think/App.php:730]
---------------------------------------------------------------

[2019-11-06T00:10:38+08:00] 192.168.78.1 GET www.cqqchat.com/api/v1/goodsGet/1
[运行时间：0.241916s] [吞吐率：4.13req/s] [内存消耗：1,392.46kb] [文件加载：59]
[ info ] [ LANG ] /www/wwwroot/www.wkchat/thinkphp/lang/zh-cn.php
[ info ] [ ROUTE ] array (
  'rule' => 'api/v1/goodsGet/<id>',
  'route' => '@api/v1/Goods/get',
  'option' => 
  array (
    'merge_rule_regex' => true,
  ),
  'var' => 
  array (
    'id' => '1',
  ),
)
[ info ] [ HEADER ] array (
  'cookie' => 'thinkphp_show_page_trace=0|0; PHPSESSID=37ptaaro2i5cbdg95ba5j012im',
  'accept-language' => 'zh-CN,zh;q=0.9,en;q=0.8',
  'accept-encoding' => 'gzip, deflate',
  'accept' => 'text/html,application/xhtml+xml,application/xml;q=0.9,image/webp,image/apng,*/*;q=0.8,application/signed-exchange;v=b3',
  'dnt' => '1',
  'user-agent' => 'Mozilla/5.0 (Windows NT 10.0; Win64; x64) AppleWebKit/537.36 (KHTML, like Gecko) Chrome/75.0.3770.100 Safari/537.36',
  'upgrade-insecure-requests' => '1',
  'cache-control' => 'max-age=0',
  'connection' => 'keep-alive',
  'host' => 'www.cqqchat.com',
  'content-type' => '',
  'content-length' => '',
)
[ info ] [ PARAM ] array (
  'id' => '1',
)
[ error ] [0]类不存在:app\v1\api\controller.event\Goods[/www/wwwroot/www.wkchat/thinkphp/library/think/App.php:730]
---------------------------------------------------------------

[2019-11-06T00:11:10+08:00] 192.168.78.1 GET www.cqqchat.com/api/v1/goodsGet/1
[运行时间：0.241811s] [吞吐率：4.14req/s] [内存消耗：1,392.41kb] [文件加载：59]
[ info ] [ LANG ] /www/wwwroot/www.wkchat/thinkphp/lang/zh-cn.php
[ info ] [ ROUTE ] array (
  'rule' => 'api/v1/goodsGet/<id>',
  'route' => '@api/v1/Goods/get',
  'option' => 
  array (
    'merge_rule_regex' => true,
  ),
  'var' => 
  array (
    'id' => '1',
  ),
)
[ info ] [ HEADER ] array (
  'cookie' => 'thinkphp_show_page_trace=0|0; PHPSESSID=37ptaaro2i5cbdg95ba5j012im',
  'accept-language' => 'zh-CN,zh;q=0.9,en;q=0.8',
  'accept-encoding' => 'gzip, deflate',
  'accept' => 'text/html,application/xhtml+xml,application/xml;q=0.9,image/webp,image/apng,*/*;q=0.8,application/signed-exchange;v=b3',
  'dnt' => '1',
  'user-agent' => 'Mozilla/5.0 (Windows NT 10.0; Win64; x64) AppleWebKit/537.36 (KHTML, like Gecko) Chrome/75.0.3770.100 Safari/537.36',
  'upgrade-insecure-requests' => '1',
  'cache-control' => 'max-age=0',
  'connection' => 'keep-alive',
  'host' => 'www.cqqchat.com',
  'content-type' => '',
  'content-length' => '',
)
[ info ] [ PARAM ] array (
  'id' => '1',
)
[ error ] [0]类不存在:api\controller\event\Goods[/www/wwwroot/www.wkchat/thinkphp/library/think/App.php:730]
