---------------------------------------------------------------

[2019-11-10T21:34:44+08:00] 192.168.78.1 GET www.cqqchat.com/api/v1/goodsGet/1
[运行时间：0.273190s] [吞吐率：3.66req/s] [内存消耗：1,392.61kb] [文件加载：59]
[ info ] [ LANG ] /www/wwwroot/www.wkchat/thinkphp/lang/zh-cn.php
[ info ] [ ROUTE ] array (
  'rule' => 'api/v1/goodsGet/<id>',
  'route' => '@api/v1/Goods/get',
  'option' => 
  array (
    'merge_rule_regex' => true,
  ),
  'var' => 
  array (
    'id' => '1',
  ),
)
[ info ] [ HEADER ] array (
  'cookie' => 'thinkphp_show_page_trace=0|0; thinkphp_show_page_trace=0|0; thinkphp_show_page_trace=0|0; PHPSESSID=89vd40qts0okus9dbbk51lkee6',
  'accept-language' => 'zh-CN,zh;q=0.9,en;q=0.8',
  'accept-encoding' => 'gzip, deflate',
  'accept' => 'text/html,application/xhtml+xml,application/xml;q=0.9,image/webp,image/apng,*/*;q=0.8,application/signed-exchange;v=b3',
  'dnt' => '1',
  'user-agent' => 'Mozilla/5.0 (Windows NT 10.0; Win64; x64) AppleWebKit/537.36 (KHTML, like Gecko) Chrome/75.0.3770.100 Safari/537.36',
  'upgrade-insecure-requests' => '1',
  'connection' => 'keep-alive',
  'host' => 'www.cqqchat.com',
  'content-type' => '',
  'content-length' => '',
)
[ info ] [ PARAM ] array (
  'id' => '1',
)
[ error ] [0]类不存在:api\controller\event\Goods[/www/wwwroot/www.wkchat/thinkphp/library/think/App.php:730]
---------------------------------------------------------------

[2019-11-10T21:34:45+08:00] 192.168.78.1 GET www.cqqchat.com/
[运行时间：0.268998s] [吞吐率：3.72req/s] [内存消耗：1,658.29kb] [文件加载：65]
[ info ] [ LANG ] /www/wwwroot/www.wkchat/thinkphp/lang/zh-cn.php
[ info ] [ ROUTE ] array (
)
[ info ] [ HEADER ] array (
  'cookie' => 'thinkphp_show_page_trace=0|0; PHPSESSID=89vd40qts0okus9dbbk51lkee6',
  'accept-language' => 'zh-CN,zh;q=0.9,en;q=0.8',
  'accept-encoding' => 'gzip, deflate',
  'accept' => 'text/html,application/xhtml+xml,application/xml;q=0.9,image/webp,image/apng,*/*;q=0.8,application/signed-exchange;v=b3',
  'dnt' => '1',
  'user-agent' => 'Mozilla/5.0 (Windows NT 10.0; Win64; x64) AppleWebKit/537.36 (KHTML, like Gecko) Chrome/75.0.3770.100 Safari/537.36',
  'upgrade-insecure-requests' => '1',
  'connection' => 'keep-alive',
  'host' => 'www.cqqchat.com',
  'content-type' => '',
  'content-length' => '',
)
[ info ] [ PARAM ] array (
)
[ info ] [ VIEW ] /www/wwwroot/www.wkchat/application/index/view/index/index.html [ array (
) ]
---------------------------------------------------------------

[2019-11-10T21:34:46+08:00] 192.168.78.1 POST www.cqqchat.com/customer/login
[运行时间：0.292332s] [吞吐率：3.42req/s] [内存消耗：1,640.42kb] [文件加载：66]
[ info ] [ LANG ] /www/wwwroot/www.wkchat/thinkphp/lang/zh-cn.php
[ info ] [ ROUTE ] array (
)
[ info ] [ HEADER ] array (
  'cookie' => 'thinkphp_show_page_trace=0|0; PHPSESSID=89vd40qts0okus9dbbk51lkee6',
  'accept-language' => 'zh-CN,zh;q=0.9,en;q=0.8',
  'accept-encoding' => 'gzip, deflate',
  'referer' => 'http://www.cqqchat.com/',
  'content-type' => 'application/x-www-form-urlencoded; charset=UTF-8',
  'dnt' => '1',
  'user-agent' => 'Mozilla/5.0 (Windows NT 10.0; Win64; x64) AppleWebKit/537.36 (KHTML, like Gecko) Chrome/75.0.3770.100 Safari/537.36',
  'x-requested-with' => 'XMLHttpRequest',
  'origin' => 'http://www.cqqchat.com',
  'accept' => 'application/json, text/javascript, */*; q=0.01',
  'content-length' => '30',
  'connection' => 'keep-alive',
  'host' => 'www.cqqchat.com',
)
[ info ] [ PARAM ] array (
  'client_id' => '7f00000108ff00000001',
)
---------------------------------------------------------------

[2019-11-10T21:34:46+08:00] 192.168.78.1 POST www.cqqchat.com/customer/login
[运行时间：0.309695s] [吞吐率：3.23req/s] [内存消耗：1,640.42kb] [文件加载：66]
[ info ] [ LANG ] /www/wwwroot/www.wkchat/thinkphp/lang/zh-cn.php
[ info ] [ ROUTE ] array (
)
[ info ] [ HEADER ] array (
  'cookie' => 'thinkphp_show_page_trace=0|0; PHPSESSID=89vd40qts0okus9dbbk51lkee6',
  'accept-language' => 'zh-CN,zh;q=0.9,en;q=0.8',
  'accept-encoding' => 'gzip, deflate',
  'referer' => 'http://www.cqqchat.com/',
  'content-type' => 'application/x-www-form-urlencoded; charset=UTF-8',
  'dnt' => '1',
  'user-agent' => 'Mozilla/5.0 (Windows NT 10.0; Win64; x64) AppleWebKit/537.36 (KHTML, like Gecko) Chrome/75.0.3770.100 Safari/537.36',
  'x-requested-with' => 'XMLHttpRequest',
  'origin' => 'http://www.cqqchat.com',
  'accept' => 'application/json, text/javascript, */*; q=0.01',
  'content-length' => '30',
  'connection' => 'keep-alive',
  'host' => 'www.cqqchat.com',
)
[ info ] [ PARAM ] array (
  'client_id' => '7f00000108ff00000001',
)
