[2019-11-15T19:01:46+08:00][ info ] [ LANG ] /www/wwwroot/www.wkchat/thinkphp/lang/zh-cn.php
info
[2019-11-15T19:01:47+08:00][ info ] [ ROUTE ] array (
)
info
[2019-11-15T19:01:47+08:00][ info ] [ HEADER ] array (
)
info
[2019-11-15T19:01:47+08:00][ info ] [ PARAM ] array (
)
info
[2019-11-15T19:01:58+08:00][ info ] [ LANG ] /www/wwwroot/www.wkchat/thinkphp/lang/zh-cn.php
info
[2019-11-15T19:01:58+08:00][ info ] [ ROUTE ] array (
)
info
[2019-11-15T19:01:58+08:00][ info ] [ HEADER ] array (
)
info
[2019-11-15T19:01:58+08:00][ info ] [ PARAM ] array (
)
info
