[2019-11-17T15:18:33+08:00][ info ] [ LANG ] D:\site\CQQ-Service\thinkphp\lang\zh-cn.php
info
[2019-11-17T17:32:58+08:00][ info ] [ LANG ] D:\site\cjj-blog\thinkphp\lang\zh-cn.php
info
[2019-11-17T17:33:26+08:00][ info ] [ LANG ] D:\site\cjj-blog\thinkphp\lang\zh-cn.php
info
[2019-11-17T17:35:02+08:00][ info ] [ LANG ] D:\site\cjj-blog\thinkphp\lang\zh-cn.php
info
[2019-11-17T17:35:02+08:00][ info ] [ DB ] INIT mysql
info
[2019-11-17T17:36:17+08:00][ info ] [ LANG ] D:\site\cjj-blog\thinkphp\lang\zh-cn.php
info
[2019-11-17T17:36:17+08:00][ info ] [ DB ] INIT mysql
info
[2019-11-17T17:45:11+08:00][ info ] [ LANG ] /www/wwwroot/www.wkchat/thinkphp/lang/zh-cn.php
info
[2019-11-17T17:45:11+08:00][ info ] [ DB ] INIT mysql
info
[2019-11-17T21:03:06+08:00][ info ] [ LANG ] D:\site\cjj-blog\thinkphp\lang\zh-cn.php
info
[2019-11-17T21:21:55+08:00][ info ] [ LANG ] D:\site\cjj-blog\thinkphp\lang\zh-cn.php
info
[2019-11-17T21:23:53+08:00][ info ] [ LANG ] D:\site\cjj-blog\thinkphp\lang\zh-cn.php
info
[2019-11-17T21:35:01+08:00][ info ] [ LANG ] D:\site\cjj-blog\thinkphp\lang\zh-cn.php
info
[2019-11-17T22:02:06+08:00][ info ] [ LANG ] D:\site\cjj-blog\thinkphp\lang\zh-cn.php
info
